{"/home/travis/build/npmtest/node-npmtest-flickrapi/test.js":{"path":"/home/travis/build/npmtest/node-npmtest-flickrapi/test.js","s":{"1":2,"2":2,"3":2,"4":2,"5":2,"6":2,"7":2,"8":1,"9":2,"10":2,"11":1,"12":1,"13":1,"14":1,"15":2,"16":2,"17":2,"18":2,"19":1,"20":1,"21":2,"22":2,"23":2,"24":1,"25":1,"26":1,"27":1,"28":1,"29":1,"30":1,"31":1,"32":1,"33":1,"34":1,"35":1,"36":1,"37":1,"38":1,"39":2,"40":2,"41":1,"42":2,"43":2,"44":1,"45":2,"46":2,"47":1,"48":2,"49":2,"50":1,"51":1,"52":1,"53":1,"54":1},"b":{"1":[2,1,1,1],"2":[1,1,1,1],"3":[1,1],"4":[1,1],"5":[1,1],"6":[1,1],"7":[1,1],"8":[1,1],"9":[1,1],"10":[1,1,1],"11":[1,1],"12":[1,1],"13":[1,1],"14":[1,1],"15":[1,1],"16":[1,1],"17":[1,1]},"f":{"1":2,"2":2,"3":2,"4":2,"5":2,"6":1,"7":1,"8":1,"9":2,"10":2,"11":2,"12":2,"13":1},"fnMap":{"1":{"name":"(anonymous_1)","line":12,"loc":{"start":{"line":12,"column":1},"end":{"line":12,"column":13}}},"2":{"name":"(anonymous_2)","line":19,"loc":{"start":{"line":19,"column":5},"end":{"line":19,"column":17}}},"3":{"name":"(anonymous_3)","line":23,"loc":{"start":{"line":23,"column":24},"end":{"line":23,"column":36}}},"4":{"name":"(anonymous_4)","line":61,"loc":{"start":{"line":61,"column":5},"end":{"line":61,"column":17}}},"5":{"name":"(anonymous_5)","line":82,"loc":{"start":{"line":82,"column":5},"end":{"line":82,"column":17}}},"6":{"name":"(anonymous_6)","line":91,"loc":{"start":{"line":91,"column":77},"end":{"line":94,"column":10}}},"7":{"name":"(anonymous_7)","line":112,"loc":{"start":{"line":112,"column":83},"end":{"line":115,"column":10}},"skip":true},"8":{"name":"(anonymous_8)","line":123,"loc":{"start":{"line":123,"column":77},"end":{"line":126,"column":10}},"skip":true},"9":{"name":"(anonymous_9)","line":139,"loc":{"start":{"line":139,"column":12},"end":{"line":139,"column":40}},"skip":true},"10":{"name":"(anonymous_10)","line":147,"loc":{"start":{"line":147,"column":77},"end":{"line":150,"column":10}},"skip":true},"11":{"name":"(anonymous_11)","line":158,"loc":{"start":{"line":158,"column":83},"end":{"line":161,"column":10}},"skip":true},"12":{"name":"(anonymous_12)","line":169,"loc":{"start":{"line":169,"column":79},"end":{"line":172,"column":10}},"skip":true},"13":{"name":"(anonymous_13)","line":180,"loc":{"start":{"line":180,"column":75},"end":{"line":183,"column":10}},"skip":true}},"statementMap":{"1":{"start":{"line":12,"column":0},"end":{"line":195,"column":5}},"2":{"start":{"line":14,"column":4},"end":{"line":14,"column":14}},"3":{"start":{"line":19,"column":4},"end":{"line":56,"column":9}},"4":{"start":{"line":21,"column":8},"end":{"line":21,"column":19}},"5":{"start":{"line":23,"column":8},"end":{"line":35,"column":13}},"6":{"start":{"line":24,"column":12},"end":{"line":34,"column":13}},"7":{"start":{"line":25,"column":16},"end":{"line":28,"column":30}},"8":{"start":{"line":30,"column":16},"end":{"line":33,"column":27}},"9":{"start":{"line":37,"column":8},"end":{"line":39,"column":21}},"10":{"start":{"line":40,"column":8},"end":{"line":53,"column":9}},"11":{"start":{"line":43,"column":12},"end":{"line":46,"column":14}},"12":{"start":{"line":47,"column":12},"end":{"line":47,"column":18}},"13":{"start":{"line":50,"column":12},"end":{"line":51,"column":33}},"14":{"start":{"line":52,"column":12},"end":{"line":52,"column":18}},"15":{"start":{"line":55,"column":8},"end":{"line":55,"column":35}},"16":{"start":{"line":61,"column":4},"end":{"line":63,"column":9}},"17":{"start":{"line":62,"column":8},"end":{"line":62,"column":15}},"18":{"start":{"line":64,"column":4},"end":{"line":77,"column":5}},"19":{"start":{"line":70,"column":8},"end":{"line":70,"column":14}},"20":{"start":{"line":76,"column":8},"end":{"line":76,"column":14}},"21":{"start":{"line":82,"column":4},"end":{"line":84,"column":9}},"22":{"start":{"line":83,"column":8},"end":{"line":83,"column":15}},"23":{"start":{"line":85,"column":4},"end":{"line":194,"column":5}},"24":{"start":{"line":91,"column":8},"end":{"line":99,"column":10}},"25":{"start":{"line":98,"column":12},"end":{"line":98,"column":35}},"26":{"start":{"line":102,"column":8},"end":{"line":104,"column":63}},"27":{"start":{"line":105,"column":8},"end":{"line":105,"column":14}},"28":{"start":{"line":112,"column":8},"end":{"line":121,"column":10},"skip":true},"29":{"start":{"line":119,"column":12},"end":{"line":119,"column":55},"skip":true},"30":{"start":{"line":120,"column":12},"end":{"line":120,"column":48},"skip":true},"31":{"start":{"line":123,"column":8},"end":{"line":136,"column":10},"skip":true},"32":{"start":{"line":130,"column":12},"end":{"line":130,"column":76},"skip":true},"33":{"start":{"line":131,"column":12},"end":{"line":131,"column":73},"skip":true},"34":{"start":{"line":132,"column":12},"end":{"line":132,"column":74},"skip":true},"35":{"start":{"line":133,"column":12},"end":{"line":133,"column":79},"skip":true},"36":{"start":{"line":134,"column":12},"end":{"line":134,"column":25},"skip":true},"37":{"start":{"line":135,"column":12},"end":{"line":135,"column":45},"skip":true},"38":{"start":{"line":138,"column":8},"end":{"line":145,"column":14},"skip":true},"39":{"start":{"line":143,"column":16},"end":{"line":143,"column":29},"skip":true},"40":{"start":{"line":144,"column":16},"end":{"line":144,"column":55},"skip":true},"41":{"start":{"line":147,"column":8},"end":{"line":156,"column":10},"skip":true},"42":{"start":{"line":154,"column":12},"end":{"line":154,"column":25},"skip":true},"43":{"start":{"line":155,"column":12},"end":{"line":155,"column":45},"skip":true},"44":{"start":{"line":158,"column":8},"end":{"line":167,"column":10},"skip":true},"45":{"start":{"line":165,"column":12},"end":{"line":165,"column":25},"skip":true},"46":{"start":{"line":166,"column":12},"end":{"line":166,"column":48},"skip":true},"47":{"start":{"line":169,"column":8},"end":{"line":178,"column":10},"skip":true},"48":{"start":{"line":176,"column":12},"end":{"line":176,"column":25},"skip":true},"49":{"start":{"line":177,"column":12},"end":{"line":177,"column":46},"skip":true},"50":{"start":{"line":180,"column":8},"end":{"line":189,"column":10},"skip":true},"51":{"start":{"line":187,"column":12},"end":{"line":187,"column":94},"skip":true},"52":{"start":{"line":188,"column":12},"end":{"line":188,"column":48},"skip":true},"53":{"start":{"line":192,"column":8},"end":{"line":192,"column":35},"skip":true},"54":{"start":{"line":193,"column":8},"end":{"line":193,"column":14},"skip":true}},"branchMap":{"1":{"line":25,"type":"binary-expr","locations":[{"start":{"line":25,"column":23},"end":{"line":25,"column":62}},{"start":{"line":26,"column":20},"end":{"line":26,"column":70}},{"start":{"line":27,"column":20},"end":{"line":27,"column":71}},{"start":{"line":28,"column":20},"end":{"line":28,"column":29}}]},"2":{"line":30,"type":"binary-expr","locations":[{"start":{"line":30,"column":23},"end":{"line":30,"column":37}},{"start":{"line":31,"column":20},"end":{"line":31,"column":61}},{"start":{"line":32,"column":20},"end":{"line":32,"column":70}},{"start":{"line":33,"column":20},"end":{"line":33,"column":26}}]},"3":{"line":37,"type":"cond-expr","locations":[{"start":{"line":38,"column":14},"end":{"line":38,"column":20}},{"start":{"line":39,"column":14},"end":{"line":39,"column":20}}]},"4":{"line":40,"type":"switch","locations":[{"start":{"line":42,"column":8},"end":{"line":47,"column":18}},{"start":{"line":49,"column":8},"end":{"line":52,"column":18}}]},"5":{"line":44,"type":"binary-expr","locations":[{"start":{"line":44,"column":16},"end":{"line":44,"column":44}},{"start":{"line":44,"column":48},"end":{"line":44,"column":66}}]},"6":{"line":50,"type":"binary-expr","locations":[{"start":{"line":50,"column":21},"end":{"line":50,"column":49}},{"start":{"line":50,"column":53},"end":{"line":50,"column":72}}]},"7":{"line":64,"type":"switch","locations":[{"start":{"line":69,"column":4},"end":{"line":70,"column":14}},{"start":{"line":75,"column":4},"end":{"line":76,"column":14}}]},"8":{"line":85,"type":"switch","locations":[{"start":{"line":90,"column":4},"end":{"line":105,"column":14}},{"start":{"line":111,"column":4},"end":{"line":193,"column":14},"skip":true}]},"9":{"line":91,"type":"binary-expr","locations":[{"start":{"line":91,"column":42},"end":{"line":91,"column":73}},{"start":{"line":91,"column":77},"end":{"line":99,"column":9}}]},"10":{"line":102,"type":"binary-expr","locations":[{"start":{"line":102,"column":18},"end":{"line":102,"column":32}},{"start":{"line":103,"column":12},"end":{"line":103,"column":53}},{"start":{"line":104,"column":12},"end":{"line":104,"column":61}}]},"11":{"line":112,"type":"binary-expr","locations":[{"start":{"line":112,"column":45},"end":{"line":112,"column":79},"skip":true},{"start":{"line":112,"column":83},"end":{"line":121,"column":9},"skip":true}]},"12":{"line":123,"type":"binary-expr","locations":[{"start":{"line":123,"column":42},"end":{"line":123,"column":73},"skip":true},{"start":{"line":123,"column":77},"end":{"line":136,"column":9},"skip":true}]},"13":{"line":138,"type":"binary-expr","locations":[{"start":{"line":138,"column":48},"end":{"line":138,"column":85},"skip":true},{"start":{"line":139,"column":12},"end":{"line":145,"column":13},"skip":true}]},"14":{"line":147,"type":"binary-expr","locations":[{"start":{"line":147,"column":42},"end":{"line":147,"column":73},"skip":true},{"start":{"line":147,"column":77},"end":{"line":156,"column":9},"skip":true}]},"15":{"line":158,"type":"binary-expr","locations":[{"start":{"line":158,"column":45},"end":{"line":158,"column":79},"skip":true},{"start":{"line":158,"column":83},"end":{"line":167,"column":9},"skip":true}]},"16":{"line":169,"type":"binary-expr","locations":[{"start":{"line":169,"column":43},"end":{"line":169,"column":75},"skip":true},{"start":{"line":169,"column":79},"end":{"line":178,"column":9},"skip":true}]},"17":{"line":180,"type":"binary-expr","locations":[{"start":{"line":180,"column":41},"end":{"line":180,"column":71},"skip":true},{"start":{"line":180,"column":75},"end":{"line":189,"column":9},"skip":true}]}},"code":["/* istanbul instrument in package npmtest_flickrapi */","/*jslint","    bitwise: true,","    browser: true,","    maxerr: 8,","    maxlen: 96,","    node: true,","    nomen: true,","    regexp: true,","    stupid: true","*/","(function () {","    'use strict';","    var local;","","","","    // run shared js-env code - init-before","    (function () {","        // init local","        local = {};","        // init modeJs","        local.modeJs = (function () {","            try {","                return typeof navigator.userAgent === 'string' &&","                    typeof document.querySelector('body') === 'object' &&","                    typeof XMLHttpRequest.prototype.open === 'function' &&","                    'browser';","            } catch (errorCaughtBrowser) {","                return module.exports &&","                    typeof process.versions.node === 'string' &&","                    typeof require('http').createServer === 'function' &&","                    'node';","            }","        }());","        // init global","        local.global = local.modeJs === 'browser'","            ? window","            : global;","        switch (local.modeJs) {","        // re-init local from window.local","        case 'browser':","            local = local.global.utility2.objectSetDefault(","                local.global.utility2_rollup || local.global.local,","                local.global.utility2","            );","            break;","        // re-init local from example.js","        case 'node':","            local = (local.global.utility2_rollup || require('utility2'))","                .requireReadme();","            break;","        }","        // export local","        local.global.local = local;","    }());","","","","    // run shared js-env code - function","    (function () {","        return;","    }());","    switch (local.modeJs) {","","","","    // run browser js-env code - function","    case 'browser':","        break;","","","","    // run node js-env code - function","    case 'node':","        break;","    }","","","","    // run shared js-env code - init-after","    (function () {","        return;","    }());","    switch (local.modeJs) {","","","","    // run browser js-env code - init-after","    case 'browser':","        local.testCase_browser_nullCase = local.testCase_browser_nullCase || function (","            options,","            onError","        ) {","        /*","         * this function will test browsers's null-case handling-behavior-behavior","         */","            onError(null, options);","        };","","        // run tests","        local.nop(local.modeTest &&","            document.querySelector('#testRunButton1') &&","            document.querySelector('#testRunButton1').click());","        break;","","","","    // run node js-env code - init-after","    /* istanbul ignore next */","    case 'node':","        local.testCase_buildApidoc_default = local.testCase_buildApidoc_default || function (","            options,","            onError","        ) {","        /*","         * this function will test buildApidoc's default handling-behavior-behavior","         */","            options = { modulePathList: module.paths };","            local.buildApidoc(options, onError);","        };","","        local.testCase_buildApp_default = local.testCase_buildApp_default || function (","            options,","            onError","        ) {","        /*","         * this function will test buildApp's default handling-behavior-behavior","         */","            local.testCase_buildReadme_default(options, local.onErrorThrow);","            local.testCase_buildLib_default(options, local.onErrorThrow);","            local.testCase_buildTest_default(options, local.onErrorThrow);","            local.testCase_buildCustomOrg_default(options, local.onErrorThrow);","            options = [];","            local.buildApp(options, onError);","        };","","        local.testCase_buildCustomOrg_default = local.testCase_buildCustomOrg_default ||","            function (options, onError) {","            /*","             * this function will test buildCustomOrg's default handling-behavior","             */","                options = {};","                local.buildCustomOrg(options, onError);","            };","","        local.testCase_buildLib_default = local.testCase_buildLib_default || function (","            options,","            onError","        ) {","        /*","         * this function will test buildLib's default handling-behavior","         */","            options = {};","            local.buildLib(options, onError);","        };","","        local.testCase_buildReadme_default = local.testCase_buildReadme_default || function (","            options,","            onError","        ) {","        /*","         * this function will test buildReadme's default handling-behavior-behavior","         */","            options = {};","            local.buildReadme(options, onError);","        };","","        local.testCase_buildTest_default = local.testCase_buildTest_default || function (","            options,","            onError","        ) {","        /*","         * this function will test buildTest's default handling-behavior","         */","            options = {};","            local.buildTest(options, onError);","        };","","        local.testCase_webpage_default = local.testCase_webpage_default || function (","            options,","            onError","        ) {","        /*","         * this function will test webpage's default handling-behavior","         */","            options = { modeCoverageMerge: true, url: local.serverLocalHost + '?modeTest=1' };","            local.browserTest(options, onError);","        };","","        // run test-server","        local.testRunServer(local);","        break;","    }","}());",""],"l":{"12":2,"14":2,"19":2,"21":2,"23":2,"24":2,"25":2,"30":1,"37":2,"40":2,"43":1,"47":1,"50":1,"52":1,"55":2,"61":2,"62":2,"64":2,"70":1,"76":1,"82":2,"83":2,"85":2,"91":1,"98":1,"102":1,"105":1,"112":1,"119":1,"120":1,"123":1,"130":1,"131":1,"132":1,"133":1,"134":1,"135":1,"138":1,"143":2,"144":2,"147":1,"154":2,"155":2,"158":1,"165":2,"166":2,"169":1,"176":2,"177":2,"180":1,"187":1,"188":1,"192":1,"193":1}},"/home/travis/build/npmtest/node-npmtest-flickrapi/lib.npmtest_flickrapi.js":{"path":"/home/travis/build/npmtest/node-npmtest-flickrapi/lib.npmtest_flickrapi.js","s":{"1":2,"2":2,"3":2,"4":2,"5":2,"6":2,"7":2,"8":1,"9":2,"10":2,"11":2,"12":2,"13":1,"14":1,"15":1,"16":1},"b":{"1":[2,1,1,1],"2":[1,1,1,1],"3":[1,1],"4":[2,2],"5":[1,1]},"f":{"1":2,"2":2,"3":2},"fnMap":{"1":{"name":"(anonymous_1)","line":12,"loc":{"start":{"line":12,"column":1},"end":{"line":12,"column":13}}},"2":{"name":"(anonymous_2)","line":19,"loc":{"start":{"line":19,"column":5},"end":{"line":19,"column":17}}},"3":{"name":"(anonymous_3)","line":23,"loc":{"start":{"line":23,"column":24},"end":{"line":23,"column":36}}}},"statementMap":{"1":{"start":{"line":12,"column":0},"end":{"line":53,"column":5}},"2":{"start":{"line":14,"column":4},"end":{"line":14,"column":14}},"3":{"start":{"line":19,"column":4},"end":{"line":52,"column":9}},"4":{"start":{"line":21,"column":8},"end":{"line":21,"column":19}},"5":{"start":{"line":23,"column":8},"end":{"line":35,"column":13}},"6":{"start":{"line":24,"column":12},"end":{"line":34,"column":13}},"7":{"start":{"line":25,"column":16},"end":{"line":28,"column":30}},"8":{"start":{"line":30,"column":16},"end":{"line":33,"column":27}},"9":{"start":{"line":37,"column":8},"end":{"line":39,"column":21}},"10":{"start":{"line":41,"column":8},"end":{"line":41,"column":54}},"11":{"start":{"line":43,"column":8},"end":{"line":43,"column":54}},"12":{"start":{"line":45,"column":8},"end":{"line":51,"column":9}},"13":{"start":{"line":46,"column":12},"end":{"line":46,"column":60}},"14":{"start":{"line":48,"column":12},"end":{"line":48,"column":35}},"15":{"start":{"line":49,"column":12},"end":{"line":49,"column":49}},"16":{"start":{"line":50,"column":12},"end":{"line":50,"column":43}}},"branchMap":{"1":{"line":25,"type":"binary-expr","locations":[{"start":{"line":25,"column":23},"end":{"line":25,"column":62}},{"start":{"line":26,"column":20},"end":{"line":26,"column":70}},{"start":{"line":27,"column":20},"end":{"line":27,"column":71}},{"start":{"line":28,"column":20},"end":{"line":28,"column":29}}]},"2":{"line":30,"type":"binary-expr","locations":[{"start":{"line":30,"column":23},"end":{"line":30,"column":37}},{"start":{"line":31,"column":20},"end":{"line":31,"column":61}},{"start":{"line":32,"column":20},"end":{"line":32,"column":70}},{"start":{"line":33,"column":20},"end":{"line":33,"column":26}}]},"3":{"line":37,"type":"cond-expr","locations":[{"start":{"line":38,"column":14},"end":{"line":38,"column":20}},{"start":{"line":39,"column":14},"end":{"line":39,"column":20}}]},"4":{"line":41,"type":"binary-expr","locations":[{"start":{"line":41,"column":16},"end":{"line":41,"column":44}},{"start":{"line":41,"column":48},"end":{"line":41,"column":53}}]},"5":{"line":45,"type":"if","locations":[{"start":{"line":45,"column":8},"end":{"line":45,"column":8}},{"start":{"line":45,"column":8},"end":{"line":45,"column":8}}]}},"code":["/* istanbul instrument in package npmtest_flickrapi */","/*jslint","    bitwise: true,","    browser: true,","    maxerr: 8,","    maxlen: 96,","    node: true,","    nomen: true,","    regexp: true,","    stupid: true","*/","(function () {","    'use strict';","    var local;","","","","    // run shared js-env code - init-before","    (function () {","        // init local","        local = {};","        // init modeJs","        local.modeJs = (function () {","            try {","                return typeof navigator.userAgent === 'string' &&","                    typeof document.querySelector('body') === 'object' &&","                    typeof XMLHttpRequest.prototype.open === 'function' &&","                    'browser';","            } catch (errorCaughtBrowser) {","                return module.exports &&","                    typeof process.versions.node === 'string' &&","                    typeof require('http').createServer === 'function' &&","                    'node';","            }","        }());","        // init global","        local.global = local.modeJs === 'browser'","            ? window","            : global;","        // init utility2_rollup","        local = local.global.utility2_rollup || local;","        // init lib","        local.local = local.npmtest_flickrapi = local;","        // init exports","        if (local.modeJs === 'browser') {","            local.global.utility2_npmtest_flickrapi = local;","        } else {","            module.exports = local;","            module.exports.__dirname = __dirname;","            module.exports.module = module;","        }","    }());","}());",""],"l":{"12":2,"14":2,"19":2,"21":2,"23":2,"24":2,"25":2,"30":1,"37":2,"41":2,"43":2,"45":2,"46":1,"48":1,"49":1,"50":1}},"/home/travis/build/npmtest/node-npmtest-flickrapi/example.js":{"path":"/home/travis/build/npmtest/node-npmtest-flickrapi/example.js","s":{"1":2,"2":2,"3":2,"4":2,"5":2,"6":2,"7":2,"8":1,"9":2,"10":2,"11":2,"12":2,"13":1,"14":2,"15":2,"16":2,"17":2,"18":2,"19":0,"20":2,"21":1,"22":1,"23":1,"24":1,"25":1,"26":0,"27":0,"28":1,"29":1,"30":2,"31":0,"32":0,"33":0,"34":1,"35":2,"36":2,"37":3,"38":3,"39":3,"40":3,"41":0,"42":3,"43":3,"44":3,"45":1,"46":3,"47":1,"48":1,"49":1,"50":1,"51":1,"52":1,"53":1,"54":1,"55":1,"56":1,"57":0,"58":1,"59":6,"60":6,"61":1,"62":2,"63":0,"64":2,"65":1,"66":1,"67":0,"68":0,"69":0,"70":0,"71":0,"72":0,"73":0,"74":0,"75":0,"76":0,"77":0,"78":0,"79":0,"80":0,"81":0,"82":0,"83":0},"b":{"1":[2,1,1,1],"2":[1,1,1,1],"3":[1,1],"4":[2,2],"5":[1,1],"6":[1,1],"7":[2,0],"8":[2,1,1,1,1,1],"9":[0,2,0],"10":[1,1],"11":[2,1,1],"12":[1,0],"13":[0,2],"14":[2,0,0,0,0,0,0],"15":[0,3],"16":[3,0],"17":[1,1],"18":[0,1],"19":[1,2,0,2],"20":[1,0],"21":[1,1],"22":[0,0],"23":[0,0],"24":[0,0],"25":[0,0],"26":[0,0],"27":[0,0],"28":[0,0]},"f":{"1":2,"2":2,"3":2,"4":2,"5":2,"6":2,"7":3,"8":3,"9":3,"10":1,"11":6,"12":0},"fnMap":{"1":{"name":"(anonymous_1)","line":26,"loc":{"start":{"line":26,"column":1},"end":{"line":26,"column":13}}},"2":{"name":"(anonymous_2)","line":33,"loc":{"start":{"line":33,"column":5},"end":{"line":33,"column":17}}},"3":{"name":"(anonymous_3)","line":37,"loc":{"start":{"line":37,"column":24},"end":{"line":37,"column":36}}},"4":{"name":"(anonymous_4)","line":69,"loc":{"start":{"line":69,"column":31},"end":{"line":69,"column":48}},"skip":true},"5":{"name":"(anonymous_5)","line":78,"loc":{"start":{"line":78,"column":26},"end":{"line":78,"column":45}},"skip":true},"6":{"name":"(anonymous_6)","line":123,"loc":{"start":{"line":123,"column":33},"end":{"line":123,"column":48}},"skip":true},"7":{"name":"(anonymous_7)","line":125,"loc":{"start":{"line":125,"column":27},"end":{"line":125,"column":39}},"skip":true},"8":{"name":"(anonymous_8)","line":133,"loc":{"start":{"line":133,"column":59},"end":{"line":133,"column":74}},"skip":true},"9":{"name":"(anonymous_9)","line":143,"loc":{"start":{"line":143,"column":45},"end":{"line":143,"column":62}},"skip":true},"10":{"name":"(anonymous_10)","line":144,"loc":{"start":{"line":144,"column":73},"end":{"line":144,"column":92}},"skip":true},"11":{"name":"(anonymous_11)","line":272,"loc":{"start":{"line":272,"column":51},"end":{"line":272,"column":77}},"skip":true},"12":{"name":"(anonymous_12)","line":315,"loc":{"start":{"line":315,"column":32},"end":{"line":315,"column":61}},"skip":true}},"statementMap":{"1":{"start":{"line":26,"column":0},"end":{"line":326,"column":5}},"2":{"start":{"line":28,"column":4},"end":{"line":28,"column":14}},"3":{"start":{"line":33,"column":4},"end":{"line":60,"column":9}},"4":{"start":{"line":35,"column":8},"end":{"line":35,"column":19}},"5":{"start":{"line":37,"column":8},"end":{"line":49,"column":13}},"6":{"start":{"line":38,"column":12},"end":{"line":48,"column":13}},"7":{"start":{"line":39,"column":16},"end":{"line":42,"column":30}},"8":{"start":{"line":44,"column":16},"end":{"line":47,"column":27}},"9":{"start":{"line":51,"column":8},"end":{"line":53,"column":21}},"10":{"start":{"line":55,"column":8},"end":{"line":57,"column":45}},"11":{"start":{"line":59,"column":8},"end":{"line":59,"column":35}},"12":{"start":{"line":61,"column":4},"end":{"line":325,"column":5}},"13":{"start":{"line":69,"column":8},"end":{"line":121,"column":10},"skip":true},"14":{"start":{"line":70,"column":12},"end":{"line":88,"column":13},"skip":true},"15":{"start":{"line":76,"column":16},"end":{"line":87,"column":19},"skip":true},"16":{"start":{"line":79,"column":20},"end":{"line":86,"column":21},"skip":true},"17":{"start":{"line":82,"column":24},"end":{"line":82,"column":43},"skip":true},"18":{"start":{"line":83,"column":24},"end":{"line":83,"column":30},"skip":true},"19":{"start":{"line":85,"column":24},"end":{"line":85,"column":49},"skip":true},"20":{"start":{"line":89,"column":12},"end":{"line":107,"column":13},"skip":true},"21":{"start":{"line":92,"column":16},"end":{"line":102,"column":17},"skip":true},"22":{"start":{"line":93,"column":20},"end":{"line":93,"column":86},"skip":true},"23":{"start":{"line":94,"column":20},"end":{"line":95,"column":45},"skip":true},"24":{"start":{"line":96,"column":20},"end":{"line":96,"column":42},"skip":true},"25":{"start":{"line":97,"column":20},"end":{"line":97,"column":48},"skip":true},"26":{"start":{"line":100,"column":20},"end":{"line":100,"column":85},"skip":true},"27":{"start":{"line":101,"column":20},"end":{"line":101,"column":96},"skip":true},"28":{"start":{"line":103,"column":16},"end":{"line":103,"column":22},"skip":true},"29":{"start":{"line":106,"column":16},"end":{"line":106,"column":22},"skip":true},"30":{"start":{"line":108,"column":12},"end":{"line":120,"column":13},"skip":true},"31":{"start":{"line":114,"column":16},"end":{"line":119,"column":17},"skip":true},"32":{"start":{"line":116,"column":20},"end":{"line":116,"column":78},"skip":true},"33":{"start":{"line":118,"column":20},"end":{"line":118,"column":47},"skip":true},"34":{"start":{"line":123,"column":8},"end":{"line":141,"column":11},"skip":true},"35":{"start":{"line":124,"column":12},"end":{"line":124,"column":54},"skip":true},"36":{"start":{"line":125,"column":12},"end":{"line":140,"column":14},"skip":true},"37":{"start":{"line":126,"column":16},"end":{"line":126,"column":28},"skip":true},"38":{"start":{"line":127,"column":16},"end":{"line":127,"column":69},"skip":true},"39":{"start":{"line":128,"column":16},"end":{"line":128,"column":75},"skip":true},"40":{"start":{"line":129,"column":16},"end":{"line":131,"column":17},"skip":true},"41":{"start":{"line":130,"column":20},"end":{"line":130,"column":27},"skip":true},"42":{"start":{"line":133,"column":16},"end":{"line":137,"column":36},"skip":true},"43":{"start":{"line":134,"column":20},"end":{"line":136,"column":55},"skip":true},"44":{"start":{"line":139,"column":16},"end":{"line":139,"column":57},"skip":true},"45":{"start":{"line":143,"column":8},"end":{"line":147,"column":11},"skip":true},"46":{"start":{"line":144,"column":12},"end":{"line":146,"column":15},"skip":true},"47":{"start":{"line":145,"column":16},"end":{"line":145,"column":70},"skip":true},"48":{"start":{"line":149,"column":8},"end":{"line":149,"column":31},"skip":true},"49":{"start":{"line":150,"column":8},"end":{"line":150,"column":14},"skip":true},"50":{"start":{"line":158,"column":8},"end":{"line":158,"column":31},"skip":true},"51":{"start":{"line":160,"column":8},"end":{"line":160,"column":33},"skip":true},"52":{"start":{"line":161,"column":8},"end":{"line":161,"column":37},"skip":true},"53":{"start":{"line":162,"column":8},"end":{"line":162,"column":35},"skip":true},"54":{"start":{"line":164,"column":8},"end":{"line":164,"column":50},"skip":true},"55":{"start":{"line":166,"column":8},"end":{"line":256,"column":2},"skip":true},"56":{"start":{"line":258,"column":8},"end":{"line":286,"column":9},"skip":true},"57":{"start":{"line":259,"column":12},"end":{"line":269,"column":14},"skip":true},"58":{"start":{"line":271,"column":12},"end":{"line":285,"column":19},"skip":true},"59":{"start":{"line":274,"column":20},"end":{"line":274,"column":35},"skip":true},"60":{"start":{"line":275,"column":20},"end":{"line":284,"column":21},"skip":true},"61":{"start":{"line":277,"column":24},"end":{"line":277,"column":64},"skip":true},"62":{"start":{"line":279,"column":24},"end":{"line":279,"column":40},"skip":true},"63":{"start":{"line":281,"column":24},"end":{"line":281,"column":40},"skip":true},"64":{"start":{"line":283,"column":24},"end":{"line":283,"column":39},"skip":true},"65":{"start":{"line":288,"column":8},"end":{"line":290,"column":9},"skip":true},"66":{"start":{"line":289,"column":12},"end":{"line":289,"column":18},"skip":true},"67":{"start":{"line":291,"column":8},"end":{"line":293,"column":54},"skip":true},"68":{"start":{"line":296,"column":8},"end":{"line":301,"column":37},"skip":true},"69":{"start":{"line":303,"column":8},"end":{"line":303,"column":82},"skip":true},"70":{"start":{"line":306,"column":8},"end":{"line":308,"column":9},"skip":true},"71":{"start":{"line":307,"column":12},"end":{"line":307,"column":82},"skip":true},"72":{"start":{"line":310,"column":8},"end":{"line":312,"column":9},"skip":true},"73":{"start":{"line":311,"column":12},"end":{"line":311,"column":18},"skip":true},"74":{"start":{"line":313,"column":8},"end":{"line":313,"column":54},"skip":true},"75":{"start":{"line":314,"column":8},"end":{"line":314,"column":69},"skip":true},"76":{"start":{"line":315,"column":8},"end":{"line":323,"column":36},"skip":true},"77":{"start":{"line":316,"column":12},"end":{"line":316,"column":61},"skip":true},"78":{"start":{"line":317,"column":12},"end":{"line":320,"column":13},"skip":true},"79":{"start":{"line":318,"column":16},"end":{"line":318,"column":75},"skip":true},"80":{"start":{"line":319,"column":16},"end":{"line":319,"column":23},"skip":true},"81":{"start":{"line":321,"column":12},"end":{"line":321,"column":38},"skip":true},"82":{"start":{"line":322,"column":12},"end":{"line":322,"column":27},"skip":true},"83":{"start":{"line":324,"column":8},"end":{"line":324,"column":14},"skip":true}},"branchMap":{"1":{"line":39,"type":"binary-expr","locations":[{"start":{"line":39,"column":23},"end":{"line":39,"column":62}},{"start":{"line":40,"column":20},"end":{"line":40,"column":70}},{"start":{"line":41,"column":20},"end":{"line":41,"column":71}},{"start":{"line":42,"column":20},"end":{"line":42,"column":29}}]},"2":{"line":44,"type":"binary-expr","locations":[{"start":{"line":44,"column":23},"end":{"line":44,"column":37}},{"start":{"line":45,"column":20},"end":{"line":45,"column":61}},{"start":{"line":46,"column":20},"end":{"line":46,"column":70}},{"start":{"line":47,"column":20},"end":{"line":47,"column":26}}]},"3":{"line":51,"type":"cond-expr","locations":[{"start":{"line":52,"column":14},"end":{"line":52,"column":20}},{"start":{"line":53,"column":14},"end":{"line":53,"column":20}}]},"4":{"line":55,"type":"binary-expr","locations":[{"start":{"line":55,"column":16},"end":{"line":55,"column":44}},{"start":{"line":55,"column":49},"end":{"line":57,"column":43}}]},"5":{"line":55,"type":"cond-expr","locations":[{"start":{"line":56,"column":14},"end":{"line":56,"column":53}},{"start":{"line":57,"column":14},"end":{"line":57,"column":43}}]},"6":{"line":61,"type":"switch","locations":[{"start":{"line":68,"column":4},"end":{"line":150,"column":14},"skip":true},{"start":{"line":156,"column":4},"end":{"line":324,"column":14},"skip":true}]},"7":{"line":70,"type":"if","locations":[{"start":{"line":70,"column":12},"end":{"line":70,"column":12},"skip":true},{"start":{"line":70,"column":12},"end":{"line":70,"column":12},"skip":true}]},"8":{"line":70,"type":"binary-expr","locations":[{"start":{"line":70,"column":16},"end":{"line":70,"column":22},"skip":true},{"start":{"line":70,"column":27},"end":{"line":70,"column":32},"skip":true},{"start":{"line":71,"column":20},"end":{"line":71,"column":39},"skip":true},{"start":{"line":72,"column":20},"end":{"line":72,"column":49},"skip":true},{"start":{"line":73,"column":20},"end":{"line":73,"column":58},"skip":true},{"start":{"line":74,"column":20},"end":{"line":74,"column":69},"skip":true}]},"9":{"line":79,"type":"switch","locations":[{"start":{"line":80,"column":20},"end":{"line":80,"column":33},"skip":true},{"start":{"line":81,"column":20},"end":{"line":83,"column":30},"skip":true},{"start":{"line":84,"column":20},"end":{"line":85,"column":49},"skip":true}]},"10":{"line":89,"type":"switch","locations":[{"start":{"line":90,"column":12},"end":{"line":103,"column":22},"skip":true},{"start":{"line":105,"column":12},"end":{"line":106,"column":22},"skip":true}]},"11":{"line":89,"type":"binary-expr","locations":[{"start":{"line":89,"column":20},"end":{"line":89,"column":25},"skip":true},{"start":{"line":89,"column":29},"end":{"line":89,"column":48},"skip":true},{"start":{"line":89,"column":52},"end":{"line":89,"column":74},"skip":true}]},"12":{"line":92,"type":"if","locations":[{"start":{"line":92,"column":16},"end":{"line":92,"column":16},"skip":true},{"start":{"line":92,"column":16},"end":{"line":92,"column":16},"skip":true}]},"13":{"line":108,"type":"if","locations":[{"start":{"line":108,"column":12},"end":{"line":108,"column":12},"skip":true},{"start":{"line":108,"column":12},"end":{"line":108,"column":12},"skip":true}]},"14":{"line":108,"type":"binary-expr","locations":[{"start":{"line":108,"column":16},"end":{"line":108,"column":61},"skip":true},{"start":{"line":108,"column":66},"end":{"line":108,"column":72},"skip":true},{"start":{"line":108,"column":77},"end":{"line":108,"column":82},"skip":true},{"start":{"line":109,"column":20},"end":{"line":109,"column":39},"skip":true},{"start":{"line":110,"column":20},"end":{"line":110,"column":49},"skip":true},{"start":{"line":111,"column":20},"end":{"line":111,"column":58},"skip":true},{"start":{"line":112,"column":20},"end":{"line":112,"column":68},"skip":true}]},"15":{"line":129,"type":"if","locations":[{"start":{"line":129,"column":16},"end":{"line":129,"column":16},"skip":true},{"start":{"line":129,"column":16},"end":{"line":129,"column":16},"skip":true}]},"16":{"line":134,"type":"cond-expr","locations":[{"start":{"line":135,"column":26},"end":{"line":135,"column":29},"skip":true},{"start":{"line":136,"column":26},"end":{"line":136,"column":54},"skip":true}]},"17":{"line":164,"type":"binary-expr","locations":[{"start":{"line":164,"column":27},"end":{"line":164,"column":43},"skip":true},{"start":{"line":164,"column":47},"end":{"line":164,"column":49},"skip":true}]},"18":{"line":258,"type":"if","locations":[{"start":{"line":258,"column":8},"end":{"line":258,"column":8},"skip":true},{"start":{"line":258,"column":8},"end":{"line":258,"column":8},"skip":true}]},"19":{"line":275,"type":"switch","locations":[{"start":{"line":276,"column":20},"end":{"line":277,"column":64},"skip":true},{"start":{"line":278,"column":20},"end":{"line":279,"column":40},"skip":true},{"start":{"line":280,"column":20},"end":{"line":281,"column":40},"skip":true},{"start":{"line":282,"column":20},"end":{"line":283,"column":39},"skip":true}]},"20":{"line":288,"type":"if","locations":[{"start":{"line":288,"column":8},"end":{"line":288,"column":8},"skip":true},{"start":{"line":288,"column":8},"end":{"line":288,"column":8},"skip":true}]},"21":{"line":288,"type":"binary-expr","locations":[{"start":{"line":288,"column":12},"end":{"line":288,"column":40},"skip":true},{"start":{"line":288,"column":44},"end":{"line":288,"column":67},"skip":true}]},"22":{"line":292,"type":"binary-expr","locations":[{"start":{"line":292,"column":12},"end":{"line":292,"column":50},"skip":true},{"start":{"line":293,"column":12},"end":{"line":293,"column":53},"skip":true}]},"23":{"line":297,"type":"binary-expr","locations":[{"start":{"line":297,"column":12},"end":{"line":297,"column":67},"skip":true},{"start":{"line":298,"column":12},"end":{"line":301,"column":36},"skip":true}]},"24":{"line":303,"type":"binary-expr","locations":[{"start":{"line":303,"column":43},"end":{"line":303,"column":75},"skip":true},{"start":{"line":303,"column":79},"end":{"line":303,"column":81},"skip":true}]},"25":{"line":306,"type":"if","locations":[{"start":{"line":306,"column":8},"end":{"line":306,"column":8},"skip":true},{"start":{"line":306,"column":8},"end":{"line":306,"column":8},"skip":true}]},"26":{"line":310,"type":"if","locations":[{"start":{"line":310,"column":8},"end":{"line":310,"column":8},"skip":true},{"start":{"line":310,"column":8},"end":{"line":310,"column":8},"skip":true}]},"27":{"line":313,"type":"binary-expr","locations":[{"start":{"line":313,"column":27},"end":{"line":313,"column":43},"skip":true},{"start":{"line":313,"column":47},"end":{"line":313,"column":53},"skip":true}]},"28":{"line":317,"type":"if","locations":[{"start":{"line":317,"column":12},"end":{"line":317,"column":12},"skip":true},{"start":{"line":317,"column":12},"end":{"line":317,"column":12},"skip":true}]}},"code":["/*","example.js","","quickstart example","","instruction","    1. save this script as example.js","    2. run the shell command:","        $ npm install npmtest-flickrapi && PORT=8081 node example.js","    3. play with the browser-demo on http://127.0.0.1:8081","*/","","","","/* istanbul instrument in package npmtest_flickrapi */","/*jslint","    bitwise: true,","    browser: true,","    maxerr: 8,","    maxlen: 96,","    node: true,","    nomen: true,","    regexp: true,","    stupid: true","*/","(function () {","    'use strict';","    var local;","","","","    // run shared js-env code - init-before","    (function () {","        // init local","        local = {};","        // init modeJs","        local.modeJs = (function () {","            try {","                return typeof navigator.userAgent === 'string' &&","                    typeof document.querySelector('body') === 'object' &&","                    typeof XMLHttpRequest.prototype.open === 'function' &&","                    'browser';","            } catch (errorCaughtBrowser) {","                return module.exports &&","                    typeof process.versions.node === 'string' &&","                    typeof require('http').createServer === 'function' &&","                    'node';","            }","        }());","        // init global","        local.global = local.modeJs === 'browser'","            ? window","            : global;","        // init utility2_rollup","        local = local.global.utility2_rollup || (local.modeJs === 'browser'","            ? local.global.utility2_npmtest_flickrapi","            : global.utility2_moduleExports);","        // export local","        local.global.local = local;","    }());","    switch (local.modeJs) {","","","","    // init-after","    // run browser js-env code - init-after","    /* istanbul ignore next */","    case 'browser':","        local.testRunBrowser = function (event) {","            if (!event || (event &&","                    event.currentTarget &&","                    event.currentTarget.className &&","                    event.currentTarget.className.includes &&","                    event.currentTarget.className.includes('onreset'))) {","                // reset output","                Array.from(","                    document.querySelectorAll('body > .resettable')","                ).forEach(function (element) {","                    switch (element.tagName) {","                    case 'INPUT':","                    case 'TEXTAREA':","                        element.value = '';","                        break;","                    default:","                        element.textContent = '';","                    }","                });","            }","            switch (event && event.currentTarget && event.currentTarget.id) {","            case 'testRunButton1':","                // show tests","                if (document.querySelector('#testReportDiv1').style.display === 'none') {","                    document.querySelector('#testReportDiv1').style.display = 'block';","                    document.querySelector('#testRunButton1').textContent =","                        'hide internal test';","                    local.modeTest = true;","                    local.testRunDefault(local);","                // hide tests","                } else {","                    document.querySelector('#testReportDiv1').style.display = 'none';","                    document.querySelector('#testRunButton1').textContent = 'run internal test';","                }","                break;","            // custom-case","            default:","                break;","            }","            if (document.querySelector('#inputTextareaEval1') && (!event || (event &&","                    event.currentTarget &&","                    event.currentTarget.className &&","                    event.currentTarget.className.includes &&","                    event.currentTarget.className.includes('oneval')))) {","                // try to eval input-code","                try {","                    /*jslint evil: true*/","                    eval(document.querySelector('#inputTextareaEval1').value);","                } catch (errorCaught) {","                    console.error(errorCaught);","                }","            }","        };","        // log stderr and stdout to #outputTextareaStdout1","        ['error', 'log'].forEach(function (key) {","            console[key + '_original'] = console[key];","            console[key] = function () {","                var element;","                console[key + '_original'].apply(console, arguments);","                element = document.querySelector('#outputTextareaStdout1');","                if (!element) {","                    return;","                }","                // append text to #outputTextareaStdout1","                element.value += Array.from(arguments).map(function (arg) {","                    return typeof arg === 'string'","                        ? arg","                        : JSON.stringify(arg, null, 4);","                }).join(' ') + '\\n';","                // scroll textarea to bottom","                element.scrollTop = element.scrollHeight;","            };","        });","        // init event-handling","        ['change', 'click', 'keyup'].forEach(function (event) {","            Array.from(document.querySelectorAll('.on' + event)).forEach(function (element) {","                element.addEventListener(event, local.testRunBrowser);","            });","        });","        // run tests","        local.testRunBrowser();","        break;","","","","    // run node js-env code - init-after","    /* istanbul ignore next */","    case 'node':","        // export local","        module.exports = local;","        // require modules","        local.fs = require('fs');","        local.http = require('http');","        local.url = require('url');","        // init assets","        local.assetsDict = local.assetsDict || {};","        /* jslint-ignore-begin */","        local.assetsDict['/assets.index.template.html'] = '\\","<!doctype html>\\n\\","<html lang=\"en\">\\n\\","<head>\\n\\","<meta charset=\"UTF-8\">\\n\\","<meta name=\"viewport\" content=\"width=device-width, initial-scale=1\">\\n\\","<title>{{env.npm_package_name}} (v{{env.npm_package_version}})</title>\\n\\","<style>\\n\\","/*csslint\\n\\","    box-sizing: false,\\n\\","    universal-selector: false\\n\\","*/\\n\\","* {\\n\\","    box-sizing: border-box;\\n\\","}\\n\\","body {\\n\\","    background: #dde;\\n\\","    font-family: Arial, Helvetica, sans-serif;\\n\\","    margin: 2rem;\\n\\","}\\n\\","body > * {\\n\\","    margin-bottom: 1rem;\\n\\","}\\n\\",".utility2FooterDiv {\\n\\","    margin-top: 20px;\\n\\","    text-align: center;\\n\\","}\\n\\","</style>\\n\\","<style>\\n\\","/*csslint\\n\\","*/\\n\\","textarea {\\n\\","    font-family: monospace;\\n\\","    height: 10rem;\\n\\","    width: 100%;\\n\\","}\\n\\","textarea[readonly] {\\n\\","    background: #ddd;\\n\\","}\\n\\","</style>\\n\\","</head>\\n\\","<body>\\n\\","<!-- utility2-comment\\n\\","<div id=\"ajaxProgressDiv1\" style=\"background: #d00; height: 2px; left: 0; margin: 0; padding: 0; position: fixed; top: 0; transition: background 0.5s, width 1.5s; width: 25%;\"></div>\\n\\","utility2-comment -->\\n\\","<h1>\\n\\","<!-- utility2-comment\\n\\","    <a\\n\\","        {{#if env.npm_package_homepage}}\\n\\","        href=\"{{env.npm_package_homepage}}\"\\n\\","        {{/if env.npm_package_homepage}}\\n\\","        target=\"_blank\"\\n\\","    >\\n\\","utility2-comment -->\\n\\","        {{env.npm_package_name}} (v{{env.npm_package_version}})\\n\\","<!-- utility2-comment\\n\\","    </a>\\n\\","utility2-comment -->\\n\\","</h1>\\n\\","<h3>{{env.npm_package_description}}</h3>\\n\\","<!-- utility2-comment\\n\\","<h4><a download href=\"assets.app.js\">download standalone app</a></h4>\\n\\","<button class=\"onclick onreset\" id=\"testRunButton1\">run internal test</button><br>\\n\\","<div id=\"testReportDiv1\" style=\"display: none;\"></div>\\n\\","utility2-comment -->\\n\\","\\n\\","\\n\\","\\n\\","<label>stderr and stdout</label>\\n\\","<textarea class=\"resettable\" id=\"outputTextareaStdout1\" readonly></textarea>\\n\\","<!-- utility2-comment\\n\\","{{#if isRollup}}\\n\\","<script src=\"assets.app.js\"></script>\\n\\","{{#unless isRollup}}\\n\\","utility2-comment -->\\n\\","<script src=\"assets.utility2.rollup.js\"></script>\\n\\","<script src=\"jsonp.utility2._stateInit?callback=window.utility2._stateInit\"></script>\\n\\","<script src=\"assets.npmtest_flickrapi.rollup.js\"></script>\\n\\","<script src=\"assets.example.js\"></script>\\n\\","<script src=\"assets.test.js\"></script>\\n\\","<!-- utility2-comment\\n\\","{{/if isRollup}}\\n\\","utility2-comment -->\\n\\","<div class=\"utility2FooterDiv\">\\n\\","    [ this app was created with\\n\\","    <a href=\"https://github.com/kaizhu256/node-utility2\" target=\"_blank\">utility2</a>\\n\\","    ]\\n\\","</div>\\n\\","</body>\\n\\","</html>\\n\\","';","        /* jslint-ignore-end */","        if (local.templateRender) {","            local.assetsDict['/'] = local.templateRender(","                local.assetsDict['/assets.index.template.html'],","                {","                    env: local.objectSetDefault(local.env, {","                        npm_package_description: 'the greatest app in the world!',","                        npm_package_name: 'my-app',","                        npm_package_nameAlias: 'my_app',","                        npm_package_version: '0.0.1'","                    })","                }","            );","        } else {","            local.assetsDict['/'] = local.assetsDict['/assets.index.template.html']","                .replace((/\\{\\{env\\.(\\w+?)\\}\\}/g), function (match0, match1) {","                    // jslint-hack","                    String(match0);","                    switch (match1) {","                    case 'npm_package_description':","                        return 'the greatest app in the world!';","                    case 'npm_package_name':","                        return 'my-app';","                    case 'npm_package_nameAlias':","                        return 'my_app';","                    case 'npm_package_version':","                        return '0.0.1';","                    }","                });","        }","        // run the cli","        if (local.global.utility2_rollup || module !== require.main) {","            break;","        }","        local.assetsDict['/assets.example.js'] =","            local.assetsDict['/assets.example.js'] ||","            local.fs.readFileSync(__filename, 'utf8');","        // bug-workaround - long $npm_package_buildCustomOrg","        /* jslint-ignore-begin */","        local.assetsDict['/assets.npmtest_flickrapi.rollup.js'] =","            local.assetsDict['/assets.npmtest_flickrapi.rollup.js'] ||","            local.fs.readFileSync(","                local.npmtest_flickrapi.__dirname + '/lib.npmtest_flickrapi.js',","                'utf8'","            ).replace((/^#!/), '//');","        /* jslint-ignore-end */","        local.assetsDict['/favicon.ico'] = local.assetsDict['/favicon.ico'] || '';","        // if $npm_config_timeout_exit exists,","        // then exit this process after $npm_config_timeout_exit ms","        if (Number(process.env.npm_config_timeout_exit)) {","            setTimeout(process.exit, Number(process.env.npm_config_timeout_exit));","        }","        // start server","        if (local.global.utility2_serverHttp1) {","            break;","        }","        process.env.PORT = process.env.PORT || '8081';","        console.error('server starting on port ' + process.env.PORT);","        local.http.createServer(function (request, response) {","            request.urlParsed = local.url.parse(request.url);","            if (local.assetsDict[request.urlParsed.pathname] !== undefined) {","                response.end(local.assetsDict[request.urlParsed.pathname]);","                return;","            }","            response.statusCode = 404;","            response.end();","        }).listen(process.env.PORT);","        break;","    }","}());",""],"l":{"26":2,"28":2,"33":2,"35":2,"37":2,"38":2,"39":2,"44":1,"51":2,"55":2,"59":2,"61":2,"69":1,"70":2,"76":2,"79":2,"82":2,"83":2,"85":1,"89":2,"92":1,"93":1,"94":1,"96":1,"97":1,"100":1,"101":1,"103":1,"106":1,"108":2,"114":1,"116":1,"118":1,"123":1,"124":2,"125":2,"126":3,"127":3,"128":3,"129":3,"130":1,"133":3,"134":3,"139":3,"143":1,"144":3,"145":1,"149":1,"150":1,"158":1,"160":1,"161":1,"162":1,"164":1,"166":1,"258":1,"259":1,"271":1,"274":6,"275":6,"277":1,"279":2,"281":1,"283":2,"288":1,"289":1,"291":1,"296":1,"303":1,"306":1,"307":1,"310":1,"311":1,"313":1,"314":1,"315":1,"316":1,"317":1,"318":1,"319":1,"321":1,"322":1,"324":1}},"/home/travis/build/npmtest/node-npmtest-flickrapi/node_modules/flickrapi/src/FlickrAPI.js":{"path":"/home/travis/build/npmtest/node-npmtest-flickrapi/node_modules/flickrapi/src/FlickrAPI.js","s":{"1":1,"2":1,"3":1,"4":0,"5":0,"6":0,"7":0,"8":0,"9":0,"10":0,"11":0,"12":1,"13":0,"14":0,"15":0,"16":0,"17":0,"18":0,"19":0,"20":0,"21":0,"22":0,"23":0,"24":0,"25":0,"26":0,"27":0,"28":1,"29":0,"30":0,"31":0,"32":0,"33":0,"34":0,"35":0,"36":0,"37":0,"38":0,"39":0,"40":0,"41":0,"42":0,"43":0,"44":0,"45":0,"46":0,"47":0,"48":0,"49":0,"50":0,"51":0,"52":0,"53":0,"54":0,"55":0,"56":1,"57":0,"58":0,"59":0,"60":0,"61":0,"62":0,"63":0,"64":1},"b":{"1":[0,0],"2":[0,0],"3":[0,0],"4":[0,0],"5":[0,0],"6":[0,0],"7":[0,0],"8":[0,0],"9":[0,0],"10":[0,0],"11":[0,0],"12":[0,0],"13":[0,0],"14":[0,0],"15":[0,0]},"f":{"1":1,"2":0,"3":0,"4":0,"5":0,"6":0,"7":0,"8":0,"9":0,"10":0,"11":0,"12":0,"13":0},"fnMap":{"1":{"name":"Flickr","line":20,"loc":{"start":{"line":20,"column":18},"end":{"line":20,"column":36}}},"2":{"name":"(anonymous_2)","line":31,"loc":{"start":{"line":31,"column":19},"end":{"line":31,"column":47}}},"3":{"name":"(anonymous_3)","line":52,"loc":{"start":{"line":52,"column":60},"end":{"line":52,"column":92}}},"4":{"name":"(anonymous_4)","line":63,"loc":{"start":{"line":63,"column":21},"end":{"line":63,"column":49}}},"5":{"name":"(anonymous_5)","line":64,"loc":{"start":{"line":64,"column":24},"end":{"line":64,"column":43}}},"6":{"name":"(anonymous_6)","line":93,"loc":{"start":{"line":93,"column":21},"end":{"line":93,"column":45}}},"7":{"name":"(anonymous_7)","line":95,"loc":{"start":{"line":95,"column":23},"end":{"line":95,"column":33}}},"8":{"name":"(anonymous_8)","line":107,"loc":{"start":{"line":107,"column":24},"end":{"line":107,"column":46}}},"9":{"name":"(anonymous_9)","line":110,"loc":{"start":{"line":110,"column":30},"end":{"line":110,"column":50}}},"10":{"name":"(anonymous_10)","line":112,"loc":{"start":{"line":112,"column":71},"end":{"line":112,"column":86}}},"11":{"name":"(anonymous_11)","line":119,"loc":{"start":{"line":119,"column":40},"end":{"line":119,"column":54}}},"12":{"name":"(anonymous_12)","line":129,"loc":{"start":{"line":129,"column":29},"end":{"line":129,"column":40}}},"13":{"name":"(anonymous_13)","line":141,"loc":{"start":{"line":141,"column":18},"end":{"line":141,"column":42}}}},"statementMap":{"1":{"start":{"line":20,"column":0},"end":{"line":164,"column":5}},"2":{"start":{"line":23,"column":2},"end":{"line":26,"column":55}},"3":{"start":{"line":31,"column":2},"end":{"line":58,"column":4}},"4":{"start":{"line":32,"column":4},"end":{"line":34,"column":5}},"5":{"start":{"line":33,"column":6},"end":{"line":33,"column":52}},"6":{"start":{"line":36,"column":4},"end":{"line":36,"column":41}},"7":{"start":{"line":37,"column":4},"end":{"line":50,"column":78}},"8":{"start":{"line":52,"column":4},"end":{"line":57,"column":7}},"9":{"start":{"line":53,"column":6},"end":{"line":55,"column":7}},"10":{"start":{"line":54,"column":8},"end":{"line":54,"column":24}},"11":{"start":{"line":56,"column":6},"end":{"line":56,"column":27}},"12":{"start":{"line":63,"column":2},"end":{"line":86,"column":4}},"13":{"start":{"line":64,"column":4},"end":{"line":84,"column":6}},"14":{"start":{"line":65,"column":6},"end":{"line":67,"column":7}},"15":{"start":{"line":66,"column":8},"end":{"line":66,"column":29}},"16":{"start":{"line":68,"column":6},"end":{"line":68,"column":51}},"17":{"start":{"line":69,"column":6},"end":{"line":69,"column":43}},"18":{"start":{"line":70,"column":6},"end":{"line":70,"column":50}},"19":{"start":{"line":71,"column":6},"end":{"line":71,"column":64}},"20":{"start":{"line":72,"column":6},"end":{"line":78,"column":7}},"21":{"start":{"line":73,"column":8},"end":{"line":73,"column":78}},"22":{"start":{"line":74,"column":8},"end":{"line":74,"column":73}},"23":{"start":{"line":75,"column":8},"end":{"line":75,"column":83}},"24":{"start":{"line":76,"column":8},"end":{"line":76,"column":97}},"25":{"start":{"line":77,"column":8},"end":{"line":77,"column":22}},"26":{"start":{"line":79,"column":6},"end":{"line":83,"column":9}},"27":{"start":{"line":85,"column":4},"end":{"line":85,"column":53}},"28":{"start":{"line":93,"column":2},"end":{"line":135,"column":4}},"29":{"start":{"line":94,"column":4},"end":{"line":100,"column":5}},"30":{"start":{"line":95,"column":6},"end":{"line":98,"column":9}},"31":{"start":{"line":96,"column":8},"end":{"line":97,"column":94}},"32":{"start":{"line":99,"column":6},"end":{"line":99,"column":13}},"33":{"start":{"line":103,"column":4},"end":{"line":103,"column":55}},"34":{"start":{"line":103,"column":28},"end":{"line":103,"column":53}},"35":{"start":{"line":104,"column":4},"end":{"line":104,"column":60}},"36":{"start":{"line":104,"column":32},"end":{"line":104,"column":60}},"37":{"start":{"line":107,"column":4},"end":{"line":134,"column":7}},"38":{"start":{"line":108,"column":6},"end":{"line":108,"column":54}},"39":{"start":{"line":109,"column":6},"end":{"line":133,"column":54}},"40":{"start":{"line":110,"column":8},"end":{"line":132,"column":11}},"41":{"start":{"line":111,"column":10},"end":{"line":125,"column":11}},"42":{"start":{"line":112,"column":12},"end":{"line":123,"column":14}},"43":{"start":{"line":114,"column":14},"end":{"line":117,"column":15}},"44":{"start":{"line":115,"column":16},"end":{"line":115,"column":51}},"45":{"start":{"line":116,"column":16},"end":{"line":116,"column":57}},"46":{"start":{"line":118,"column":14},"end":{"line":118,"column":62}},"47":{"start":{"line":119,"column":14},"end":{"line":121,"column":17}},"48":{"start":{"line":120,"column":16},"end":{"line":120,"column":71}},"49":{"start":{"line":122,"column":14},"end":{"line":122,"column":51}},"50":{"start":{"line":124,"column":12},"end":{"line":124,"column":45}},"51":{"start":{"line":128,"column":10},"end":{"line":131,"column":56}},"52":{"start":{"line":129,"column":12},"end":{"line":129,"column":58}},"53":{"start":{"line":129,"column":42},"end":{"line":129,"column":54}},"54":{"start":{"line":131,"column":17},"end":{"line":131,"column":54}},"55":{"start":{"line":133,"column":15},"end":{"line":133,"column":52}},"56":{"start":{"line":141,"column":2},"end":{"line":151,"column":4}},"57":{"start":{"line":142,"column":4},"end":{"line":145,"column":5}},"58":{"start":{"line":143,"column":6},"end":{"line":144,"column":99}},"59":{"start":{"line":147,"column":4},"end":{"line":147,"column":60}},"60":{"start":{"line":147,"column":32},"end":{"line":147,"column":60}},"61":{"start":{"line":148,"column":4},"end":{"line":148,"column":52}},"62":{"start":{"line":149,"column":4},"end":{"line":149,"column":29}},"63":{"start":{"line":150,"column":4},"end":{"line":150,"column":41}},"64":{"start":{"line":156,"column":2},"end":{"line":162,"column":4}}},"branchMap":{"1":{"line":32,"type":"if","locations":[{"start":{"line":32,"column":4},"end":{"line":32,"column":4}},{"start":{"line":32,"column":4},"end":{"line":32,"column":4}}]},"2":{"line":53,"type":"if","locations":[{"start":{"line":53,"column":6},"end":{"line":53,"column":6}},{"start":{"line":53,"column":6},"end":{"line":53,"column":6}}]},"3":{"line":65,"type":"if","locations":[{"start":{"line":65,"column":6},"end":{"line":65,"column":6}},{"start":{"line":65,"column":6},"end":{"line":65,"column":6}}]},"4":{"line":72,"type":"if","locations":[{"start":{"line":72,"column":6},"end":{"line":72,"column":6}},{"start":{"line":72,"column":6},"end":{"line":72,"column":6}}]},"5":{"line":72,"type":"binary-expr","locations":[{"start":{"line":72,"column":10},"end":{"line":72,"column":36}},{"start":{"line":72,"column":40},"end":{"line":72,"column":55}}]},"6":{"line":94,"type":"if","locations":[{"start":{"line":94,"column":4},"end":{"line":94,"column":4}},{"start":{"line":94,"column":4},"end":{"line":94,"column":4}}]},"7":{"line":103,"type":"if","locations":[{"start":{"line":103,"column":4},"end":{"line":103,"column":4}},{"start":{"line":103,"column":4},"end":{"line":103,"column":4}}]},"8":{"line":104,"type":"if","locations":[{"start":{"line":104,"column":4},"end":{"line":104,"column":4}},{"start":{"line":104,"column":4},"end":{"line":104,"column":4}}]},"9":{"line":109,"type":"if","locations":[{"start":{"line":109,"column":6},"end":{"line":109,"column":6}},{"start":{"line":109,"column":6},"end":{"line":109,"column":6}}]},"10":{"line":111,"type":"if","locations":[{"start":{"line":111,"column":10},"end":{"line":111,"column":10}},{"start":{"line":111,"column":10},"end":{"line":111,"column":10}}]},"11":{"line":112,"type":"binary-expr","locations":[{"start":{"line":112,"column":41},"end":{"line":112,"column":67}},{"start":{"line":112,"column":71},"end":{"line":123,"column":13}}]},"12":{"line":114,"type":"if","locations":[{"start":{"line":114,"column":14},"end":{"line":114,"column":14}},{"start":{"line":114,"column":14},"end":{"line":114,"column":14}}]},"13":{"line":128,"type":"if","locations":[{"start":{"line":128,"column":10},"end":{"line":128,"column":10}},{"start":{"line":128,"column":10},"end":{"line":128,"column":10}}]},"14":{"line":142,"type":"if","locations":[{"start":{"line":142,"column":4},"end":{"line":142,"column":4}},{"start":{"line":142,"column":4},"end":{"line":142,"column":4}}]},"15":{"line":147,"type":"if","locations":[{"start":{"line":147,"column":4},"end":{"line":147,"column":4}},{"start":{"line":147,"column":4},"end":{"line":147,"column":4}}]}},"code":["/*","  This module exports an object with a single function, which","  if successful calls a callback function with the flickr API","  object as argument for further use.","","  signature: authenticate(options, callback)","","  options argument: {","    api_key: \"your api key from flickr\",","    secret: \"your api key secret from flickr\",","    requestOptions: \"object containing any value accepted by request.defaults()\" optional","    user_id: negotiated through first-time authenticate() call","    access_token: negotiated through first-time authenticate() call","    access_token_secret: negotiated through first-time authenticate() call","  }","","  callback argument: function(err, result)","*/","","module.exports = (function Flickr() {","  \"use strict\";","","  var fs = require(\"fs\"),","      request = require(\"request\"),","      Utils = require(\"./utils\"),","      RequestTokenFunction = require(\"./auth/request\");","","  /**","   * Check with Flickr whether we have a valid pre-existing access token","   */","  var checkToken = function(options, callback) {","    if(!options.access_token) {","      return callback(new Error(\"no access token\"));","    }","","    options = Utils.setAuthVals(options);","    var   url = \"https://api.flickr.com/services/rest\",","          method = \"flickr.auth.oauth.checkToken\",","          queryArguments = {","          method: method,","          oauth_consumer_key: options.api_key,","          oauth_nonce: options.oauth_nonce,","          oauth_timestamp: options.oauth_timestamp,","          oauth_signature_method: \"HMAC-SHA1\",","          oauth_token: options.access_token","        },","        queryString = Utils.formQueryString(queryArguments),","        data = Utils.formBaseString(\"GET\", url, queryString),","        signature = Utils.sign(data, options.secret, options.access_token_secret),","        flickrURL = url + \"?\" + queryString + \"&oauth_signature=\" + signature;","","    request.defaults(options.requestOptions).get(flickrURL, function(error, response, body) {","      if(error) {","        callback(error);","      }","      callback(null, true);","    });","  };","","  /**","   * Request an access token from Flickr","   */","  var requestToken = function(options, callback) {","    var receivedToken = function(err,body) {","      if(err) {","        return callback(err);","      }","      var response = Utils.parseRestResponse(body);","      options.user_id = response.user_nsid;","      options.access_token = response.oauth_token;","      options.access_token_secret = response.oauth_token_secret;","      if (options.callback === \"oob\" && !options.silent) {","        console.log(\"\\n\\nAdd the following variables to your environment:\\n\");","        console.log(\"export FLICKR_USER_ID=\\\"\" + options.user_id + \"\\\"\");","        console.log(\"export FLICKR_ACCESS_TOKEN=\\\"\" + options.access_token + \"\\\"\");","        console.log(\"export FLICKR_ACCESS_TOKEN_SECRET=\\\"\" + options.access_token_secret + \"\\\"\");","        console.log();","      }","      callback(false, {","        FLICKR_USER_ID: '\"' + options.user_id + '\"',","        FLICKR_ACCESS_TOKEN: '\"' + options.access_token + '\"',","        FLICKR_ACCESS_TOKEN_SECRET: '\"' + options.access_token_secret + '\"'","      });","    };","    new RequestTokenFunction(options, receivedToken);","  };","","  /**","   * The authentication function will sign into flickr as","   * an app, obtaining authorization keys values if it","   * does not already have them.","   */","  var authenticate = function(options, next) {","    if(!options) {","      process.nextTick(function(){","        next(new Error(\"Please pass an valid Flickr API key and secret to the Flickr module.\\n\"+","                       \"Visit http://www.flickr.com/services/apps/create/apply to get one.\"));","      });","      return;","    }","","    // out-of-browser authentication unless specified otherwise","    if(!options.callback) { options.callback = \"oob\"; }","    if(!options.requestOptions) options.requestOptions = {};","","    // effect authentication","    checkToken(options, function(err, access) {","      var APIBuilder = require(\"./flickr-api-object\");","      if(!access) {","        requestToken(options, function(err, body) {","          if(options.callback !== \"oob\") {","            options.processCredentials = options.processCredentials || function(data) {","              // default function writes creds to .env","              if(!options.silent) {","                console.log(\"Credentials object:\");","                console.log(JSON.stringify(data,null,2));","              }","              var envContent = fs.readFileSync(\".env\") + \"\\n\";","              Object.keys(data).forEach(function(key) {","                envContent += \"export \" + key + \"=\" + data[key] + \"\\n\";","              });","              fs.writeFileSync(\".env\", envContent);","            };","            options.processCredentials(body);","          }","","          // is this auth only, or also API object creation?","          if(options.noAPI) {","            process.nextTick(function() { next(false); });","          }","          else { new APIBuilder(options, Utils, next); }","        });","      } else { new APIBuilder(options, Utils, next); }","    });","  };","","  /**","   * If you only want to use the non-authenticated functions, you can bypass the oauth","   * authentication and simply never call auth-locked Flickr API functions.","   */","  var tokenOnly = function(options, next) {","    if(!options) {","      return next(new Error(\"Please pass an valid Flickr API key and secret to the Flickr module.\\n\"+","                            \"Visit http://www.flickr.com/services/apps/create/apply to get one.\"));","    }","","    if(!options.requestOptions) options.requestOptions = {};","    var APIBuilder = require(\"./flickr-api-object\");","    options.tokenonly = true;","    new APIBuilder(options, Utils, next);","  };","","  /**","   * The initial Flickr access point.","   */","  return {","    loadLocally: require(\"./handlers/ia\"),","    tokenOnly: tokenOnly,","    authenticate: authenticate,","    downsync: require(\"./handlers/downsync\"),","    upload: Utils.upload.bind(Utils)","  };","","}());",""],"l":{"20":1,"23":1,"31":1,"32":0,"33":0,"36":0,"37":0,"52":0,"53":0,"54":0,"56":0,"63":1,"64":0,"65":0,"66":0,"68":0,"69":0,"70":0,"71":0,"72":0,"73":0,"74":0,"75":0,"76":0,"77":0,"79":0,"85":0,"93":1,"94":0,"95":0,"96":0,"99":0,"103":0,"104":0,"107":0,"108":0,"109":0,"110":0,"111":0,"112":0,"114":0,"115":0,"116":0,"118":0,"119":0,"120":0,"122":0,"124":0,"128":0,"129":0,"131":0,"133":0,"141":1,"142":0,"143":0,"147":0,"148":0,"149":0,"150":0,"156":1}},"/home/travis/build/npmtest/node-npmtest-flickrapi/node_modules/flickrapi/src/utils.js":{"path":"/home/travis/build/npmtest/node-npmtest-flickrapi/node_modules/flickrapi/src/utils.js","s":{"1":1,"2":1,"3":1,"4":1,"5":1,"6":0,"7":1,"8":1,"9":1,"10":0,"11":0,"12":0,"13":0,"14":0,"15":0,"16":0,"17":0,"18":0,"19":0,"20":0,"21":0,"22":0,"23":0,"24":0,"25":0,"26":0,"27":0,"28":0,"29":0,"30":0,"31":0,"32":0,"33":0,"34":0,"35":0,"36":0,"37":0,"38":0,"39":0,"40":0,"41":0,"42":0,"43":0,"44":0,"45":0,"46":0,"47":0,"48":0,"49":0,"50":0,"51":0,"52":0,"53":0,"54":0,"55":0,"56":0,"57":0,"58":0,"59":0,"60":0,"61":0,"62":0,"63":0,"64":0,"65":0,"66":0,"67":0,"68":0,"69":0,"70":0,"71":0,"72":0,"73":0,"74":0,"75":0,"76":0,"77":0,"78":0,"79":0,"80":0,"81":0,"82":0,"83":0,"84":0,"85":0,"86":0,"87":0,"88":0,"89":0,"90":0,"91":0,"92":0,"93":0,"94":0,"95":0,"96":0,"97":0,"98":0,"99":0,"100":0,"101":0,"102":0,"103":0,"104":0,"105":0,"106":0,"107":0,"108":0,"109":0,"110":0,"111":0,"112":0,"113":0,"114":0,"115":0,"116":0,"117":0,"118":0,"119":0,"120":0,"121":0,"122":0,"123":0,"124":0,"125":0,"126":0,"127":0,"128":0,"129":0,"130":0,"131":0,"132":0,"133":0,"134":0,"135":0,"136":0,"137":0,"138":0,"139":0,"140":0,"141":0,"142":0,"143":0,"144":0,"145":0,"146":0,"147":0,"148":0,"149":0,"150":0,"151":0,"152":0,"153":0,"154":0,"155":0,"156":0,"157":0,"158":0,"159":0,"160":0,"161":0},"b":{"1":[1,0],"2":[0,0],"3":[0,0],"4":[0,0],"5":[0,0],"6":[0,0],"7":[0,0],"8":[0,0],"9":[0,0],"10":[0,0],"11":[0,0],"12":[0,0],"13":[0,0],"14":[0,0],"15":[0,0],"16":[0,0],"17":[0,0],"18":[0,0,0],"19":[0,0],"20":[0,0],"21":[0,0],"22":[0,0],"23":[0,0],"24":[0,0],"25":[0,0],"26":[0,0],"27":[0,0],"28":[0,0],"29":[0,0],"30":[0,0],"31":[0,0],"32":[0,0],"33":[0,0],"34":[0,0],"35":[0,0],"36":[0,0],"37":[0,0],"38":[0,0],"39":[0,0],"40":[0,0]},"f":{"1":1,"2":1,"3":0,"4":0,"5":0,"6":0,"7":0,"8":0,"9":0,"10":0,"11":0,"12":0,"13":0,"14":0,"15":0,"16":0,"17":0,"18":0,"19":0,"20":0,"21":0,"22":0,"23":0,"24":0,"25":0,"26":0,"27":0,"28":0,"29":0,"30":0,"31":0,"32":0},"fnMap":{"1":{"name":"(anonymous_1)","line":9,"loc":{"start":{"line":9,"column":18},"end":{"line":9,"column":29}}},"2":{"name":"(anonymous_2)","line":56,"loc":{"start":{"line":56,"column":20},"end":{"line":56,"column":31}}},"3":{"name":"prettyprint","line":58,"loc":{"start":{"line":58,"column":25},"end":{"line":58,"column":52}}},"4":{"name":"(anonymous_4)","line":71,"loc":{"start":{"line":71,"column":11},"end":{"line":71,"column":25}}},"5":{"name":"(anonymous_5)","line":72,"loc":{"start":{"line":72,"column":21},"end":{"line":72,"column":35}}},"6":{"name":"(anonymous_6)","line":82,"loc":{"start":{"line":82,"column":46},"end":{"line":82,"column":58}}},"7":{"name":"(anonymous_7)","line":92,"loc":{"start":{"line":92,"column":18},"end":{"line":92,"column":43}}},"8":{"name":"(anonymous_8)","line":93,"loc":{"start":{"line":93,"column":21},"end":{"line":93,"column":35}}},"9":{"name":"(anonymous_9)","line":100,"loc":{"start":{"line":100,"column":19},"end":{"line":100,"column":30}}},"10":{"name":"(anonymous_10)","line":108,"loc":{"start":{"line":108,"column":17},"end":{"line":108,"column":35}}},"11":{"name":"(anonymous_11)","line":122,"loc":{"start":{"line":122,"column":28},"end":{"line":122,"column":42}}},"12":{"name":"(anonymous_12)","line":133,"loc":{"start":{"line":133,"column":20},"end":{"line":133,"column":45}}},"13":{"name":"(anonymous_13)","line":136,"loc":{"start":{"line":136,"column":18},"end":{"line":136,"column":32}}},"14":{"name":"(anonymous_14)","line":146,"loc":{"start":{"line":146,"column":20},"end":{"line":146,"column":53}}},"15":{"name":"(anonymous_15)","line":153,"loc":{"start":{"line":153,"column":23},"end":{"line":153,"column":38}}},"16":{"name":"(anonymous_16)","line":160,"loc":{"start":{"line":160,"column":27},"end":{"line":160,"column":42}}},"17":{"name":"(anonymous_17)","line":170,"loc":{"start":{"line":170,"column":10},"end":{"line":170,"column":38}}},"18":{"name":"(anonymous_18)","line":181,"loc":{"start":{"line":181,"column":23},"end":{"line":181,"column":78}}},"19":{"name":"(anonymous_19)","line":194,"loc":{"start":{"line":194,"column":28},"end":{"line":194,"column":78}}},"20":{"name":"(anonymous_20)","line":203,"loc":{"start":{"line":203,"column":41},"end":{"line":203,"column":55}}},"21":{"name":"(anonymous_21)","line":214,"loc":{"start":{"line":214,"column":25},"end":{"line":214,"column":100}}},"22":{"name":"(anonymous_22)","line":219,"loc":{"start":{"line":219,"column":13},"end":{"line":219,"column":45}}},"23":{"name":"(anonymous_23)","line":227,"loc":{"start":{"line":227,"column":12},"end":{"line":227,"column":44}}},"24":{"name":"(anonymous_24)","line":236,"loc":{"start":{"line":236,"column":13},"end":{"line":236,"column":45}}},"25":{"name":"(anonymous_25)","line":259,"loc":{"start":{"line":259,"column":17},"end":{"line":259,"column":90}}},"26":{"name":"(anonymous_26)","line":294,"loc":{"start":{"line":294,"column":68},"end":{"line":294,"column":100}}},"27":{"name":"(anonymous_27)","line":342,"loc":{"start":{"line":342,"column":12},"end":{"line":342,"column":66}}},"28":{"name":"next","line":355,"loc":{"start":{"line":355,"column":7},"end":{"line":355,"column":34}}},"29":{"name":"(anonymous_29)","line":364,"loc":{"start":{"line":364,"column":20},"end":{"line":364,"column":68}}},"30":{"name":"(anonymous_30)","line":371,"loc":{"start":{"line":371,"column":50},"end":{"line":371,"column":62}}},"31":{"name":"(anonymous_31)","line":409,"loc":{"start":{"line":409,"column":40},"end":{"line":409,"column":72}}},"32":{"name":"(anonymous_32)","line":421,"loc":{"start":{"line":421,"column":40},"end":{"line":421,"column":55}}}},"statementMap":{"1":{"start":{"line":9,"column":0},"end":{"line":426,"column":5}},"2":{"start":{"line":11,"column":2},"end":{"line":50,"column":8}},"3":{"start":{"line":56,"column":2},"end":{"line":63,"column":7}},"4":{"start":{"line":57,"column":4},"end":{"line":61,"column":5}},"5":{"start":{"line":58,"column":6},"end":{"line":60,"column":8}},"6":{"start":{"line":59,"column":8},"end":{"line":59,"column":50}},"7":{"start":{"line":62,"column":4},"end":{"line":62,"column":16}},"8":{"start":{"line":65,"column":2},"end":{"line":65,"column":22}},"9":{"start":{"line":67,"column":2},"end":{"line":425,"column":4}},"10":{"start":{"line":72,"column":6},"end":{"line":80,"column":8}},"11":{"start":{"line":73,"column":8},"end":{"line":79,"column":9}},"12":{"start":{"line":74,"column":10},"end":{"line":74,"column":28}},"13":{"start":{"line":81,"column":6},"end":{"line":81,"column":17}},"14":{"start":{"line":82,"column":6},"end":{"line":85,"column":9}},"15":{"start":{"line":83,"column":8},"end":{"line":83,"column":21}},"16":{"start":{"line":84,"column":8},"end":{"line":84,"column":20}},"17":{"start":{"line":86,"column":6},"end":{"line":86,"column":17}},"18":{"start":{"line":93,"column":6},"end":{"line":97,"column":9}},"19":{"start":{"line":94,"column":8},"end":{"line":96,"column":9}},"20":{"start":{"line":95,"column":10},"end":{"line":95,"column":37}},"21":{"start":{"line":101,"column":6},"end":{"line":101,"column":24}},"22":{"start":{"line":109,"column":6},"end":{"line":111,"column":38}},"23":{"start":{"line":112,"column":6},"end":{"line":112,"column":42}},"24":{"start":{"line":113,"column":6},"end":{"line":113,"column":34}},"25":{"start":{"line":114,"column":6},"end":{"line":114,"column":21}},"26":{"start":{"line":123,"column":5},"end":{"line":126,"column":41}},"27":{"start":{"line":134,"column":5},"end":{"line":138,"column":11}},"28":{"start":{"line":137,"column":11},"end":{"line":137,"column":85}},"29":{"start":{"line":139,"column":5},"end":{"line":139,"column":56}},"30":{"start":{"line":140,"column":5},"end":{"line":140,"column":27}},"31":{"start":{"line":147,"column":6},"end":{"line":147,"column":88}},"32":{"start":{"line":154,"column":6},"end":{"line":156,"column":7}},"33":{"start":{"line":155,"column":8},"end":{"line":155,"column":21}},"34":{"start":{"line":157,"column":6},"end":{"line":159,"column":17}},"35":{"start":{"line":160,"column":6},"end":{"line":163,"column":9}},"36":{"start":{"line":161,"column":8},"end":{"line":161,"column":33}},"37":{"start":{"line":162,"column":8},"end":{"line":162,"column":60}},"38":{"start":{"line":164,"column":6},"end":{"line":164,"column":22}},"39":{"start":{"line":171,"column":6},"end":{"line":172,"column":52}},"40":{"start":{"line":173,"column":6},"end":{"line":173,"column":24}},"41":{"start":{"line":174,"column":6},"end":{"line":174,"column":41}},"42":{"start":{"line":175,"column":6},"end":{"line":175,"column":40}},"43":{"start":{"line":182,"column":6},"end":{"line":188,"column":7}},"44":{"start":{"line":183,"column":8},"end":{"line":183,"column":26}},"45":{"start":{"line":184,"column":8},"end":{"line":184,"column":44}},"46":{"start":{"line":184,"column":35},"end":{"line":184,"column":44}},"47":{"start":{"line":185,"column":8},"end":{"line":187,"column":9}},"48":{"start":{"line":186,"column":10},"end":{"line":186,"column":105}},"49":{"start":{"line":196,"column":6},"end":{"line":199,"column":8}},"50":{"start":{"line":202,"column":6},"end":{"line":206,"column":7}},"51":{"start":{"line":203,"column":8},"end":{"line":205,"column":11}},"52":{"start":{"line":204,"column":10},"end":{"line":204,"column":49}},"53":{"start":{"line":208,"column":6},"end":{"line":208,"column":28}},"54":{"start":{"line":215,"column":6},"end":{"line":215,"column":27}},"55":{"start":{"line":218,"column":6},"end":{"line":242,"column":7}},"56":{"start":{"line":219,"column":8},"end":{"line":222,"column":10}},"57":{"start":{"line":220,"column":10},"end":{"line":220,"column":84}},"58":{"start":{"line":220,"column":41},"end":{"line":220,"column":64}},"59":{"start":{"line":220,"column":65},"end":{"line":220,"column":82}},"60":{"start":{"line":221,"column":10},"end":{"line":221,"column":145}},"61":{"start":{"line":226,"column":11},"end":{"line":242,"column":7}},"62":{"start":{"line":227,"column":7},"end":{"line":231,"column":10}},"63":{"start":{"line":228,"column":10},"end":{"line":228,"column":84}},"64":{"start":{"line":228,"column":41},"end":{"line":228,"column":64}},"65":{"start":{"line":228,"column":65},"end":{"line":228,"column":82}},"66":{"start":{"line":229,"column":10},"end":{"line":229,"column":106}},"67":{"start":{"line":230,"column":10},"end":{"line":230,"column":84}},"68":{"start":{"line":236,"column":8},"end":{"line":241,"column":10}},"69":{"start":{"line":237,"column":10},"end":{"line":237,"column":84}},"70":{"start":{"line":237,"column":41},"end":{"line":237,"column":64}},"71":{"start":{"line":237,"column":65},"end":{"line":237,"column":82}},"72":{"start":{"line":238,"column":10},"end":{"line":238,"column":80}},"73":{"start":{"line":239,"column":10},"end":{"line":239,"column":101}},"74":{"start":{"line":240,"column":10},"end":{"line":240,"column":87}},"75":{"start":{"line":244,"column":6},"end":{"line":251,"column":8}},"76":{"start":{"line":253,"column":6},"end":{"line":253,"column":16}},"77":{"start":{"line":260,"column":6},"end":{"line":260,"column":66}},"78":{"start":{"line":262,"column":6},"end":{"line":266,"column":7}},"79":{"start":{"line":263,"column":8},"end":{"line":263,"column":37}},"80":{"start":{"line":264,"column":8},"end":{"line":264,"column":22}},"81":{"start":{"line":265,"column":8},"end":{"line":265,"column":20}},"82":{"start":{"line":268,"column":6},"end":{"line":268,"column":109}},"83":{"start":{"line":271,"column":6},"end":{"line":283,"column":7}},"84":{"start":{"line":272,"column":8},"end":{"line":272,"column":56}},"85":{"start":{"line":273,"column":8},"end":{"line":273,"column":63}},"86":{"start":{"line":274,"column":8},"end":{"line":274,"column":71}},"87":{"start":{"line":275,"column":8},"end":{"line":275,"column":66}},"88":{"start":{"line":276,"column":8},"end":{"line":276,"column":64}},"89":{"start":{"line":277,"column":8},"end":{"line":277,"column":60}},"90":{"start":{"line":282,"column":8},"end":{"line":282,"column":55}},"91":{"start":{"line":286,"column":6},"end":{"line":286,"column":37}},"92":{"start":{"line":288,"column":6},"end":{"line":292,"column":58}},"93":{"start":{"line":294,"column":6},"end":{"line":325,"column":20}},"94":{"start":{"line":296,"column":8},"end":{"line":302,"column":9}},"95":{"start":{"line":297,"column":10},"end":{"line":297,"column":72}},"96":{"start":{"line":298,"column":10},"end":{"line":300,"column":11}},"97":{"start":{"line":299,"column":12},"end":{"line":299,"column":100}},"98":{"start":{"line":301,"column":10},"end":{"line":301,"column":38}},"99":{"start":{"line":304,"column":8},"end":{"line":307,"column":9}},"100":{"start":{"line":305,"column":10},"end":{"line":305,"column":102}},"101":{"start":{"line":306,"column":10},"end":{"line":306,"column":38}},"102":{"start":{"line":312,"column":8},"end":{"line":322,"column":9}},"103":{"start":{"line":313,"column":10},"end":{"line":321,"column":11}},"104":{"start":{"line":314,"column":12},"end":{"line":314,"column":94}},"105":{"start":{"line":315,"column":12},"end":{"line":315,"column":36}},"106":{"start":{"line":316,"column":12},"end":{"line":318,"column":13}},"107":{"start":{"line":317,"column":14},"end":{"line":317,"column":60}},"108":{"start":{"line":320,"column":12},"end":{"line":320,"column":74}},"109":{"start":{"line":324,"column":8},"end":{"line":324,"column":35}},"110":{"start":{"line":344,"column":6},"end":{"line":346,"column":7}},"111":{"start":{"line":345,"column":8},"end":{"line":345,"column":92}},"112":{"start":{"line":347,"column":6},"end":{"line":349,"column":7}},"113":{"start":{"line":348,"column":8},"end":{"line":348,"column":55}},"114":{"start":{"line":350,"column":6},"end":{"line":350,"column":40}},"115":{"start":{"line":351,"column":6},"end":{"line":351,"column":25}},"116":{"start":{"line":352,"column":6},"end":{"line":352,"column":34}},"117":{"start":{"line":353,"column":6},"
[...]
8},"end":{"line":50,"column":8}}]},"2":{"line":55,"type":"if","locations":[{"start":{"line":55,"column":8},"end":{"line":55,"column":8}},{"start":{"line":55,"column":8},"end":{"line":55,"column":8}}]},"3":{"line":67,"type":"if","locations":[{"start":{"line":67,"column":8},"end":{"line":67,"column":8}},{"start":{"line":67,"column":8},"end":{"line":67,"column":8}}]},"4":{"line":81,"type":"if","locations":[{"start":{"line":81,"column":6},"end":{"line":81,"column":6}},{"start":{"line":81,"column":6},"end":{"line":81,"column":6}}]},"5":{"line":85,"type":"if","locations":[{"start":{"line":85,"column":10},"end":{"line":85,"column":10}},{"start":{"line":85,"column":10},"end":{"line":85,"column":10}}]},"6":{"line":99,"type":"if","locations":[{"start":{"line":99,"column":6},"end":{"line":99,"column":6}},{"start":{"line":99,"column":6},"end":{"line":99,"column":6}}]},"7":{"line":103,"type":"if","locations":[{"start":{"line":103,"column":10},"end":{"line":103,"column":10}},{"start":{"line":103,"column":10},"end":{"line":103,"column":10}}]},"8":{"line":108,"type":"if","locations":[{"start":{"line":108,"column":10},"end":{"line":108,"column":10}},{"start":{"line":108,"column":10},"end":{"line":108,"column":10}}]},"9":{"line":123,"type":"if","locations":[{"start":{"line":123,"column":6},"end":{"line":123,"column":6}},{"start":{"line":123,"column":6},"end":{"line":123,"column":6}}]},"10":{"line":133,"type":"if","locations":[{"start":{"line":133,"column":8},"end":{"line":133,"column":8}},{"start":{"line":133,"column":8},"end":{"line":133,"column":8}}]},"11":{"line":133,"type":"binary-expr","locations":[{"start":{"line":133,"column":11},"end":{"line":133,"column":17}},{"start":{"line":133,"column":21},"end":{"line":133,"column":74}}]},"12":{"line":167,"type":"if","locations":[{"start":{"line":167,"column":2},"end":{"line":167,"column":2}},{"start":{"line":167,"column":2},"end":{"line":167,"column":2}}]},"13":{"line":169,"type":"if","locations":[{"start":{"line":169,"column":4},"end":{"line":169,"column":4}},{"start":{"line":169,"column":4},"end":{"line":169,"column":4}}]},"14":{"line":186,"type":"if","locations":[{"start":{"line":186,"column":2},"end":{"line":186,"column":2}},{"start":{"line":186,"column":2},"end":{"line":186,"column":2}}]},"15":{"line":202,"type":"if","locations":[{"start":{"line":202,"column":2},"end":{"line":202,"column":2}},{"start":{"line":202,"column":2},"end":{"line":202,"column":2}}]},"16":{"line":209,"type":"if","locations":[{"start":{"line":209,"column":6},"end":{"line":209,"column":6}},{"start":{"line":209,"column":6},"end":{"line":209,"column":6}}]},"17":{"line":216,"type":"if","locations":[{"start":{"line":216,"column":10},"end":{"line":216,"column":10}},{"start":{"line":216,"column":10},"end":{"line":216,"column":10}}]},"18":{"line":219,"type":"if","locations":[{"start":{"line":219,"column":8},"end":{"line":219,"column":8}},{"start":{"line":219,"column":8},"end":{"line":219,"column":8}}]},"19":{"line":227,"type":"if","locations":[{"start":{"line":227,"column":12},"end":{"line":227,"column":12}},{"start":{"line":227,"column":12},"end":{"line":227,"column":12}}]},"20":{"line":229,"type":"if","locations":[{"start":{"line":229,"column":54},"end":{"line":229,"column":54}},{"start":{"line":229,"column":54},"end":{"line":229,"column":54}}]},"21":{"line":266,"type":"if","locations":[{"start":{"line":266,"column":4},"end":{"line":266,"column":4}},{"start":{"line":266,"column":4},"end":{"line":266,"column":4}}]}},"code":["var async = require(\"async\"),","    fs = require(\"fs\"),","    download = require(\"./download\").downloadPhoto,","    getSetMetadata = require(\"./sets\"),","    glob = require(\"glob\"),","    progress = require(\"progress\"),","    progressBarAggregate,","    progressBar,","    photos = [],","    sizeMap = {","      \"Square\": \"s\",","      \"Large Square\": \"q\",","      \"Thumbnail\": \"t\",","      \"Small\": \"m\",","      \"Medium 640\": \"z\",","      \"Medium 800\": \"c\",","      \"Large\": \"b\",","      \"Original\": \"o\"","    };","","/**"," * Given a photo object, get its info (either from"," * flickr, or from .json file if we already have it)"," * and get all the associated photographs."," */","function processPhoto(flickr, options) {","  \"use strict\";","","  var photo_idx = options.photo_idx,","      photo = options.photo,","      id = photo.id,","      secret = photo.secret,","      sizes = [],","      filename_cmt = flickr.options.locals.dirstructure.ia.photos.comments + \"/\" + id + \".json\",","      filename_ctx = flickr.options.locals.dirstructure.ia.photos.contexts + \"/\" + id + \".json\",","      filename_md = flickr.options.locals.dirstructure.ia.photos.root + \"/\" + id + \".json\",","      metadata;","","  // record progress","  progressBar.tick();","","  // kick off single-photo sync","  var photoFunctions = {","    getMetaData: function(nextCall) {","      // console.log(\"getMetaData\");","      flickr.photos.getInfo({","        photo_id: id,","        secret: secret","      }, function(error, result) {","        if(error) {","          console.log(photo_idx + \" returned a query error\");","          return console.log(error);","        }","        metadata = result.photo;","        if(!metadata) {","          console.log(photo_idx + \" is somehow not a photo\");","          return console.log(result);","        }","        nextCall(metadata);","      });","    },","    getSizes: function(nextCall) {","      // console.log(\"getSizes\");","      flickr.photos.getSizes({","        photo_id: id","      }, function(error, result) {","        if(error) {","          console.log(photo_idx + \" returned a query error\");","          return console.log(error);","        }","        metadata.sizes = result.sizes.size.filter(function(s) {","          return !!sizeMap[s.label];","        }).map(function(s) {","          return sizeMap[s.label];","        });","        nextCall();","      });","    },","    getContexts: function(nextCall) {","      // console.log(\"getContexts\");","      if(!fs.existsSync(filename_ctx)) {","        flickr.photos.getAllContexts({","          photo_id: id","        }, function(error, result) {","          if(error) {","            console.log(photo_idx + \" returned a query error\");","            return console.log(error);","          }","          delete result.stat;","          fs.writeFile(filename_ctx, JSON.prettyprint(result), function() {","            return nextCall();","          });","        });","      }","      else { nextCall(); }","    },","    getComments: function(nextCall) {","      // console.log(\"getComments\");","      if(!fs.existsSync(filename_cmt)) {","        flickr.photos.comments.getList({","          photo_id: id","        }, function(error, result) {","          if(error) {","            console.log(photo_idx + \" returned a query error\");","            return console.log(error);","          }","          var comments = result.comments;","          if(!comments) {","            console.log(photo_idx + \" is somehow not a photo\");","            return console.log(result);","          }","          fs.writeFile(filename_cmt, JSON.prettyprint(comments), function() {","            return nextCall();","          });","        });","      }","      else { nextCall(); }","    },","    run: function() {","      // Did we already know this photo? If so, and the data from","      // Flickr is newer, we need to resync this photograph.","      var ondisk = false;","      if(fs.existsSync(filename_md)) {","        ondisk = JSON.parse(fs.readFileSync(filename_md));","      }","","      // 1: get the photo metadata from Flickr","      photoFunctions.getMetaData(function(metadata) {","","        // 2: check if we need to resync","","        // 2a: we do not.","        if(ondisk && ondisk.dates.lastupdate === metadata.dates.lastupdate) {","          // console.log(\"2a\");","          return download(flickr, ondisk, options.next);","        }","","        // 2b: we do.","        else {","          // console.log(\"2b\");","          var getComments = photoFunctions.getComments,","              getContexts = photoFunctions.getContexts,","              getSizes = photoFunctions.getSizes,","              gsFn = function() {","                fs.writeFile(filename_md, JSON.prettyprint(metadata), function() {","                  return download(flickr, metadata, options.next);","                });","              },","              gcxFn = function() { getSizes(gsFn); },","              gcFn = function() { getContexts(gcxFn); };","          // Run through the function chain, writing the metadata","          // to disk once we have all the updated information.","          getComments(gcFn);","        }","      });","    }","  };","","  photoFunctions.run();","}","","","/**"," * Processing all photographs one by one"," */","function processPhotos(flickr, options) {","  if(options.photo_idx >= options.total) {","    console.log(\"done downloading photo metadata.\");","    if(options.callback) {","      options.callback();","    }","    return;","  }","","  var photo_idx = options.photo_idx,","      photo = photos[photo_idx],","      method = \"flickr.photos.getInfo\",","      next = (function(flickr, options) {","        options.photo = false;","        options.photo_idx++;","        return function() {","          setTimeout(function() { processPhotos(flickr, options); }, 0);","        };","      }(flickr, options));","","  if(!photo) {","    console.error(\"for some reason, photo \" + photo_idx + \" is undefined...\");","    return next();","  }","","  options.photo = photo;","  options.next = next;","  processPhoto(flickr, options);","}","","","/**"," * this function grabs all photo definitions from Flickr"," */","function aggregatePhotos(flickr, options) {","","  if(options.tally >= options.total) {","    console.log(\"done fetching photo information from Flickr.\");","    console.log();","    console.log(\"Downloading photos and metadata from Flickr.\");","    progressBar = new progress('  [:bar] :current/:total', { total: options.total });","    setTimeout(function() {","      // delete any photos that were deleted from flickr, if specified","      if(options.removeDeleted) {","        var ia = flickr.options.locals,","            dirs = ia.dirstructure,","            keys = ia.photo_keys.slice(),","            pos;","        photos.forEach(function(photo) {","          pos = keys.indexOf(photo.id);","          if(pos===-1) return;","          keys.splice(pos,1);","        });","        if(keys.length>0) {","          console.log(\"Pruning files from the local mirror that were deleted on Flickr\");","          console.log(\"(reason: downsync called with --prune or removeDeleted==true)\");","        }","        // prune the remaining photos","        keys.forEach(function(key) {","          var match = dirs.root + \"/**/\" + key + \".*\";","          glob(match, function (err, files) {","            if(err) { return console.error(err); }","            files.forEach(function(file) {","              fs.unlink( file, function(err, result){ if(err) { console.error(err); }});","            });","          });","        });","      }","      // Move on to processing our list of photos","      processPhotos(flickr, {","        photo_idx: 0,","        total: options.total,","        callback: options.callback","      });","    }, 1);","    return;","  }","","  flickr.photos.search({","    user_id: options.user_id,","    per_page: options.per_page,","    page: options.page","  }, function(error, result) {","    var batch = result.photos.photo;","    options.tally += batch.length;","    options.page += 1;","    progressBarAggregate.tick(options.per_page);","    photos = photos.concat(batch);","    aggregatePhotos(flickr, options);","  });","}","","/**"," * export just this function"," */","module.exports = function(flickr, next_function) {","","  flickr.photos.search({","    user_id: flickr.options.user_id,","  }, function(error, result) {","    if(error) {","      return console.log(error);","    }","","    var total = parseInt(result.photos.total, 10);","    console.log(\"Found \" + total + \" photos to downsync.\");","    progressBarAggregate = new progress('  [:bar] :current/:total', { total: total });","","    aggregatePhotos(flickr, {","      user_id: flickr.options.user_id,","      per_page: 100,","      page: 1,","      tally: 0,","      total: total,","      removeDeleted: flickr.options.removeDeleted,","      callback: next_function","    });","","  });","};",""],"l":{"1":1,"26":1,"29":0,"40":0,"43":0,"46":0,"50":0,"51":0,"52":0,"54":0,"55":0,"56":0,"57":0,"59":0,"64":0,"67":0,"68":0,"69":0,"71":0,"72":0,"74":0,"76":0,"81":0,"82":0,"85":0,"86":0,"87":0,"89":0,"90":0,"91":0,"95":0,"99":0,"100":0,"103":0,"104":0,"105":0,"107":0,"108":0,"109":0,"110":0,"112":0,"113":0,"117":0,"122":0,"123":0,"124":0,"128":0,"133":0,"135":0,"141":0,"145":0,"146":0,"149":0,"150":0,"153":0,"159":0,"166":1,"167":0,"168":0,"169":0,"170":0,"172":0,"175":0,"179":0,"180":0,"181":0,"182":0,"186":0,"187":0,"188":0,"191":0,"192":0,"193":0,"200":1,"202":0,"203":0,"204":0,"205":0,"206":0,"207":0,"209":0,"210":0,"214":0,"215":0,"216":0,"217":0,"219":0,"220":0,"221":0,"224":0,"225":0,"226":0,"227":0,"228":0,"229":0,"235":0,"241":0,"244":0,"249":0,"250":0,"251":0,"252":0,"253":0,"254":0,"261":1,"263":0,"266":0,"267":0,"270":0,"271":0,"272":0,"274":0}},"/home/travis/build/npmtest/node-npmtest-flickrapi/node_modules/flickrapi/src/handlers/downsync/sets.js":{"path":"/home/travis/build/npmtest/node-npmtest-flickrapi/node_modules/flickrapi/src/handlers/downsync/sets.js","s":{"1":1,"2":1,"3":0,"4":0,"5":0,"6":0,"7":0,"8":0,"9":0,"10":0,"11":0,"12":0,"13":0,"14":0,"15":0,"16":0,"17":0,"18":0,"19":0,"20":0,"21":0,"22":1,"23":0,"24":0,"25":0,"26":0,"27":0,"28":0,"29":0,"30":1},"b":{"1":[0,0],"2":[0,0],"3":[0,0],"4":[0,0],"5":[0,0]},"f":{"1":0,"2":0,"3":0,"4":0,"5":0,"6":0,"7":0,"8":0},"fnMap":{"1":{"name":"processPhotosets","line":10,"loc":{"start":{"line":10,"column":0},"end":{"line":10,"column":65}}},"2":{"name":"(anonymous_2)","line":24,"loc":{"start":{"line":24,"column":14},"end":{"line":24,"column":47}}},"3":{"name":"(anonymous_3)","line":26,"loc":{"start":{"line":26,"column":15},"end":{"line":26,"column":26}}},"4":{"name":"(anonymous_4)","line":27,"loc":{"start":{"line":27,"column":21},"end":{"line":27,"column":32}}},"5":{"name":"(anonymous_5)","line":41,"loc":{"start":{"line":41,"column":5},"end":{"line":41,"column":29}}},"6":{"name":"(anonymous_6)","line":45,"loc":{"start":{"line":45,"column":43},"end":{"line":45,"column":59}}},"7":{"name":"getSetMetadata","line":56,"loc":{"start":{"line":56,"column":0},"end":{"line":56,"column":47}}},"8":{"name":"(anonymous_8)","line":61,"loc":{"start":{"line":61,"column":5},"end":{"line":61,"column":29}}}},"statementMap":{"1":{"start":{"line":1,"column":0},"end":{"line":5,"column":14}},"2":{"start":{"line":10,"column":0},"end":{"line":54,"column":1}},"3":{"start":{"line":13,"column":2},"end":{"line":19,"column":3}},"4":{"start":{"line":14,"column":4},"end":{"line":14,"column":49}},"5":{"start":{"line":15,"column":4},"end":{"line":17,"column":5}},"6":{"start":{"line":16,"column":6},"end":{"line":16,"column":22}},"7":{"start":{"line":18,"column":4},"end":{"line":18,"column":11}},"8":{"start":{"line":21,"column":2},"end":{"line":31,"column":33}},"9":{"start":{"line":25,"column":8},"end":{"line":25,"column":33}},"10":{"start":{"line":26,"column":8},"end":{"line":30,"column":10}},"11":{"start":{"line":27,"column":10},"end":{"line":29,"column":16}},"12":{"start":{"line":28,"column":12},"end":{"line":28,"column":68}},"13":{"start":{"line":34,"column":2},"end":{"line":34,"column":21}},"14":{"start":{"line":37,"column":2},"end":{"line":53,"column":5}},"15":{"start":{"line":42,"column":4},"end":{"line":44,"column":5}},"16":{"start":{"line":43,"column":6},"end":{"line":43,"column":32}},"17":{"start":{"line":45,"column":4},"end":{"line":50,"column":7}},"18":{"start":{"line":46,"column":6},"end":{"line":48,"column":7}},"19":{"start":{"line":47,"column":8},"end":{"line":47,"column":31}},"20":{"start":{"line":49,"column":6},"end":{"line":49,"column":22}},"21":{"start":{"line":52,"column":4},"end":{"line":52,"column":56}},"22":{"start":{"line":56,"column":0},"end":{"line":70,"column":1}},"23":{"start":{"line":57,"column":2},"end":{"line":69,"column":5}},"24":{"start":{"line":62,"column":4},"end":{"line":64,"column":5}},"25":{"start":{"line":63,"column":6},"end":{"line":63,"column":32}},"26":{"start":{"line":65,"column":4},"end":{"line":65,"column":37}},"27":{"start":{"line":66,"column":4},"end":{"line":66,"column":57}},"28":{"start":{"line":67,"column":4},"end":{"line":67,"column":83}},"29":{"start":{"line":68,"column":4},"end":{"line":68,"column":60}},"30":{"start":{"line":72,"column":0},"end":{"line":72,"column":32}}},"branchMap":{"1":{"line":13,"type":"if","locations":[{"start":{"line":13,"column":2},"end":{"line":13,"column":2}},{"start":{"line":13,"column":2},"end":{"line":13,"column":2}}]},"2":{"line":15,"type":"if","locations":[{"start":{"line":15,"column":4},"end":{"line":15,"column":4}},{"start":{"line":15,"column":4},"end":{"line":15,"column":4}}]},"3":{"line":42,"type":"if","locations":[{"start":{"line":42,"column":4},"end":{"line":42,"column":4}},{"start":{"line":42,"column":4},"end":{"line":42,"column":4}}]},"4":{"line":46,"type":"if","locations":[{"start":{"line":46,"column":6},"end":{"line":46,"column":6}},{"start":{"line":46,"column":6},"end":{"line":46,"column":6}}]},"5":{"line":62,"type":"if","locations":[{"start":{"line":62,"column":4},"end":{"line":62,"column":4}},{"start":{"line":62,"column":4},"end":{"line":62,"column":4}}]}},"code":["var fs = require(\"fs\"),","    getCollectionMetadata = require(\"./collections\"),","    progress = require(\"progress\"),","    progressBar,","    sets = [];","","/**"," * Sets"," */","function processPhotosets(flickr, set_idx, total, next_function) {","  \"use strict\";","","  if(set_idx >= total) {","    console.log(\"done fetching set metadata.\\n\");","    if (next_function) {","      next_function();","    }","    return;","  }","","  var set = sets[set_idx],","      id = set.id,","      filename = flickr.options.locals.dirstructure.ia.photosets + \"/\" + id + \".json\",","      next = (function(flickr, set_idx, total) {","        var next_id = set_idx +1;","        return function() {","          setTimeout(function() {","            processPhotosets(flickr, next_id, total, next_function);","          }, 1);","        };","      }(flickr, set_idx, total));","","  // record progress","  progressBar.tick();","","  // TODO: download photos if new set, or known set with updates","  flickr.photosets.getPhotos({","    photoset_id: set.id,","    page: 1,","    per_page: 500","  }, function(error, result) {","    if (error) {","      return console.log(error);","    }","    set.photos = result.photoset.photo.map(function(photo) {","      if(photo.isprimary === \"1\") {","        set.primary = photo.id;","      }","      return photo.id;","    });","","    fs.writeFile(filename, JSON.prettyprint(set), next);","  });","}","","function getSetMetadata(flickr, next_function) {","  flickr.photosets.getList({","    user_id: flickr.options.user_id,","    page: 1,","    per_page: 500","  }, function(error, result) {","    if (error) {","      return console.log(error);","    }","    sets = result.photosets.photoset;","    console.log(\"Downloading set metadata from Flickr.\");","    progressBar = new progress('  [:bar] :current/:total', { total: sets.length });","    processPhotosets(flickr, 0, sets.length, next_function);","  });","}","","module.exports = getSetMetadata;",""],"l":{"1":1,"10":1,"13":0,"14":0,"15":0,"16":0,"18":0,"21":0,"25":0,"26":0,"27":0,"28":0,"34":0,"37":0,"42":0,"43":0,"45":0,"46":0,"47":0,"49":0,"52":0,"56":1,"57":0,"62":0,"63":0,"65":0,"66":0,"67":0,"68":0,"72":1}}}